{"C:\\Users\\User\\Desktop\\team-work\\backend\\tests\\admin.spec.js":{"path":"C:\\Users\\User\\Desktop\\team-work\\backend\\tests\\admin.spec.js","statementMap":{"0":{"start":{"line":3,"column":16},"end":{"line":3,"column":60}},"1":{"start":{"line":5,"column":21},"end":{"line":5,"column":45}},"2":{"start":{"line":7,"column":11},"end":{"line":7,"column":52}},"3":{"start":{"line":9,"column":12},"end":{"line":9,"column":51}},"4":{"start":{"line":11,"column":13},"end":{"line":11,"column":63}},"5":{"start":{"line":13,"column":39},"end":{"line":13,"column":95}},"6":{"start":{"line":15,"column":0},"end":{"line":15,"column":43}},"7":{"start":{"line":17,"column":13},"end":{"line":17,"column":36}},"8":{"start":{"line":18,"column":0},"end":{"line":142,"column":3}},"9":{"start":{"line":19,"column":2},"end":{"line":24,"column":5}},"10":{"start":{"line":20,"column":15},"end":{"line":20,"column":84}},"11":{"start":{"line":21,"column":4},"end":{"line":23,"column":7}},"12":{"start":{"line":22,"column":6},"end":{"line":22,"column":13}},"13":{"start":{"line":25,"column":2},"end":{"line":45,"column":5}},"14":{"start":{"line":26,"column":4},"end":{"line":44,"column":7}},"15":{"start":{"line":27,"column":6},"end":{"line":43,"column":9}},"16":{"start":{"line":35,"column":8},"end":{"line":35,"column":44}},"17":{"start":{"line":36,"column":8},"end":{"line":36,"column":52}},"18":{"start":{"line":37,"column":8},"end":{"line":37,"column":54}},"19":{"start":{"line":38,"column":8},"end":{"line":38,"column":54}},"20":{"start":{"line":39,"column":8},"end":{"line":39,"column":58}},"21":{"start":{"line":40,"column":8},"end":{"line":40,"column":57}},"22":{"start":{"line":41,"column":8},"end":{"line":41,"column":76}},"23":{"start":{"line":42,"column":8},"end":{"line":42,"column":15}},"24":{"start":{"line":46,"column":2},"end":{"line":62,"column":5}},"25":{"start":{"line":47,"column":4},"end":{"line":61,"column":7}},"26":{"start":{"line":48,"column":6},"end":{"line":60,"column":9}},"27":{"start":{"line":56,"column":8},"end":{"line":56,"column":44}},"28":{"start":{"line":57,"column":8},"end":{"line":57,"column":45}},"29":{"start":{"line":58,"column":8},"end":{"line":58,"column":74}},"30":{"start":{"line":59,"column":8},"end":{"line":59,"column":15}},"31":{"start":{"line":63,"column":2},"end":{"line":73,"column":5}},"32":{"start":{"line":64,"column":4},"end":{"line":72,"column":7}},"33":{"start":{"line":65,"column":6},"end":{"line":71,"column":9}},"34":{"start":{"line":66,"column":20},"end":{"line":66,"column":41}},"35":{"start":{"line":67,"column":8},"end":{"line":67,"column":44}},"36":{"start":{"line":68,"column":8},"end":{"line":68,"column":45}},"37":{"start":{"line":69,"column":8},"end":{"line":69,"column":65}},"38":{"start":{"line":70,"column":8},"end":{"line":70,"column":15}},"39":{"start":{"line":74,"column":2},"end":{"line":84,"column":5}},"40":{"start":{"line":75,"column":4},"end":{"line":83,"column":7}},"41":{"start":{"line":76,"column":6},"end":{"line":82,"column":9}},"42":{"start":{"line":77,"column":23},"end":{"line":77,"column":47}},"43":{"start":{"line":78,"column":8},"end":{"line":78,"column":44}},"44":{"start":{"line":79,"column":8},"end":{"line":79,"column":45}},"45":{"start":{"line":80,"column":8},"end":{"line":80,"column":64}},"46":{"start":{"line":81,"column":8},"end":{"line":81,"column":15}},"47":{"start":{"line":85,"column":2},"end":{"line":101,"column":5}},"48":{"start":{"line":86,"column":4},"end":{"line":100,"column":7}},"49":{"start":{"line":87,"column":6},"end":{"line":99,"column":9}},"50":{"start":{"line":91,"column":8},"end":{"line":91,"column":44}},"51":{"start":{"line":92,"column":8},"end":{"line":92,"column":52}},"52":{"start":{"line":93,"column":8},"end":{"line":93,"column":50}},"53":{"start":{"line":94,"column":8},"end":{"line":94,"column":54}},"54":{"start":{"line":95,"column":8},"end":{"line":95,"column":58}},"55":{"start":{"line":96,"column":8},"end":{"line":96,"column":57}},"56":{"start":{"line":97,"column":8},"end":{"line":97,"column":76}},"57":{"start":{"line":98,"column":8},"end":{"line":98,"column":15}},"58":{"start":{"line":102,"column":2},"end":{"line":111,"column":5}},"59":{"start":{"line":103,"column":4},"end":{"line":110,"column":7}},"60":{"start":{"line":104,"column":6},"end":{"line":109,"column":9}},"61":{"start":{"line":105,"column":8},"end":{"line":105,"column":44}},"62":{"start":{"line":106,"column":8},"end":{"line":106,"column":45}},"63":{"start":{"line":107,"column":8},"end":{"line":107,"column":65}},"64":{"start":{"line":108,"column":8},"end":{"line":108,"column":15}},"65":{"start":{"line":112,"column":2},"end":{"line":121,"column":5}},"66":{"start":{"line":113,"column":4},"end":{"line":120,"column":7}},"67":{"start":{"line":114,"column":6},"end":{"line":119,"column":9}},"68":{"start":{"line":115,"column":8},"end":{"line":115,"column":44}},"69":{"start":{"line":116,"column":8},"end":{"line":116,"column":45}},"70":{"start":{"line":117,"column":8},"end":{"line":117,"column":65}},"71":{"start":{"line":118,"column":8},"end":{"line":118,"column":15}},"72":{"start":{"line":122,"column":2},"end":{"line":131,"column":5}},"73":{"start":{"line":123,"column":4},"end":{"line":130,"column":7}},"74":{"start":{"line":124,"column":6},"end":{"line":129,"column":9}},"75":{"start":{"line":125,"column":8},"end":{"line":125,"column":44}},"76":{"start":{"line":126,"column":8},"end":{"line":126,"column":45}},"77":{"start":{"line":127,"column":8},"end":{"line":127,"column":65}},"78":{"start":{"line":128,"column":8},"end":{"line":128,"column":15}},"79":{"start":{"line":132,"column":2},"end":{"line":141,"column":5}},"80":{"start":{"line":133,"column":4},"end":{"line":140,"column":7}},"81":{"start":{"line":134,"column":6},"end":{"line":139,"column":9}},"82":{"start":{"line":135,"column":8},"end":{"line":135,"column":44}},"83":{"start":{"line":136,"column":8},"end":{"line":136,"column":45}},"84":{"start":{"line":137,"column":8},"end":{"line":137,"column":65}},"85":{"start":{"line":138,"column":8},"end":{"line":138,"column":15}}},"fnMap":{"0":{"name":"_interopRequireDefault","decl":{"start":{"line":13,"column":9},"end":{"line":13,"column":31}},"loc":{"start":{"line":13,"column":37},"end":{"line":13,"column":97}},"line":13},"1":{"name":"(anonymous_1)","decl":{"start":{"line":18,"column":42},"end":{"line":18,"column":43}},"loc":{"start":{"line":18,"column":54},"end":{"line":142,"column":1}},"line":18},"2":{"name":"(anonymous_2)","decl":{"start":{"line":19,"column":9},"end":{"line":19,"column":10}},"loc":{"start":{"line":19,"column":25},"end":{"line":24,"column":3}},"line":19},"3":{"name":"(anonymous_3)","decl":{"start":{"line":21,"column":35},"end":{"line":21,"column":36}},"loc":{"start":{"line":21,"column":50},"end":{"line":23,"column":5}},"line":21},"4":{"name":"(anonymous_4)","decl":{"start":{"line":25,"column":51},"end":{"line":25,"column":52}},"loc":{"start":{"line":25,"column":63},"end":{"line":45,"column":3}},"line":25},"5":{"name":"(anonymous_5)","decl":{"start":{"line":26,"column":36},"end":{"line":26,"column":37}},"loc":{"start":{"line":26,"column":52},"end":{"line":44,"column":5}},"line":26},"6":{"name":"(anonymous_6)","decl":{"start":{"line":34,"column":13},"end":{"line":34,"column":14}},"loc":{"start":{"line":34,"column":33},"end":{"line":43,"column":7}},"line":34},"7":{"name":"(anonymous_7)","decl":{"start":{"line":46,"column":60},"end":{"line":46,"column":61}},"loc":{"start":{"line":46,"column":72},"end":{"line":62,"column":3}},"line":46},"8":{"name":"(anonymous_8)","decl":{"start":{"line":47,"column":59},"end":{"line":47,"column":60}},"loc":{"start":{"line":47,"column":75},"end":{"line":61,"column":5}},"line":47},"9":{"name":"(anonymous_9)","decl":{"start":{"line":55,"column":13},"end":{"line":55,"column":14}},"loc":{"start":{"line":55,"column":33},"end":{"line":60,"column":7}},"line":55},"10":{"name":"(anonymous_10)","decl":{"start":{"line":63,"column":70},"end":{"line":63,"column":71}},"loc":{"start":{"line":63,"column":82},"end":{"line":73,"column":3}},"line":63},"11":{"name":"(anonymous_11)","decl":{"start":{"line":64,"column":52},"end":{"line":64,"column":53}},"loc":{"start":{"line":64,"column":68},"end":{"line":72,"column":5}},"line":64},"12":{"name":"(anonymous_12)","decl":{"start":{"line":65,"column":142},"end":{"line":65,"column":143}},"loc":{"start":{"line":65,"column":162},"end":{"line":71,"column":7}},"line":65},"13":{"name":"(anonymous_13)","decl":{"start":{"line":74,"column":95},"end":{"line":74,"column":96}},"loc":{"start":{"line":74,"column":107},"end":{"line":84,"column":3}},"line":74},"14":{"name":"(anonymous_14)","decl":{"start":{"line":75,"column":77},"end":{"line":75,"column":78}},"loc":{"start":{"line":75,"column":93},"end":{"line":83,"column":5}},"line":75},"15":{"name":"(anonymous_15)","decl":{"start":{"line":76,"column":142},"end":{"line":76,"column":143}},"loc":{"start":{"line":76,"column":162},"end":{"line":82,"column":7}},"line":76},"16":{"name":"(anonymous_16)","decl":{"start":{"line":85,"column":41},"end":{"line":85,"column":42}},"loc":{"start":{"line":85,"column":53},"end":{"line":101,"column":3}},"line":85},"17":{"name":"(anonymous_17)","decl":{"start":{"line":86,"column":40},"end":{"line":86,"column":41}},"loc":{"start":{"line":86,"column":56},"end":{"line":100,"column":5}},"line":86},"18":{"name":"(anonymous_18)","decl":{"start":{"line":90,"column":13},"end":{"line":90,"column":14}},"loc":{"start":{"line":90,"column":33},"end":{"line":99,"column":7}},"line":90},"19":{"name":"(anonymous_19)","decl":{"start":{"line":102,"column":72},"end":{"line":102,"column":73}},"loc":{"start":{"line":102,"column":84},"end":{"line":111,"column":3}},"line":102},"20":{"name":"(anonymous_20)","decl":{"start":{"line":103,"column":61},"end":{"line":103,"column":62}},"loc":{"start":{"line":103,"column":77},"end":{"line":110,"column":5}},"line":103},"21":{"name":"(anonymous_21)","decl":{"start":{"line":104,"column":137},"end":{"line":104,"column":138}},"loc":{"start":{"line":104,"column":157},"end":{"line":109,"column":7}},"line":104},"22":{"name":"(anonymous_22)","decl":{"start":{"line":112,"column":71},"end":{"line":112,"column":72}},"loc":{"start":{"line":112,"column":83},"end":{"line":121,"column":3}},"line":112},"23":{"name":"(anonymous_23)","decl":{"start":{"line":113,"column":61},"end":{"line":113,"column":62}},"loc":{"start":{"line":113,"column":77},"end":{"line":120,"column":5}},"line":113},"24":{"name":"(anonymous_24)","decl":{"start":{"line":114,"column":137},"end":{"line":114,"column":138}},"loc":{"start":{"line":114,"column":157},"end":{"line":119,"column":7}},"line":114},"25":{"name":"(anonymous_25)","decl":{"start":{"line":122,"column":74},"end":{"line":122,"column":75}},"loc":{"start":{"line":122,"column":86},"end":{"line":131,"column":3}},"line":122},"26":{"name":"(anonymous_26)","decl":{"start":{"line":123,"column":64},"end":{"line":123,"column":65}},"loc":{"start":{"line":123,"column":80},"end":{"line":130,"column":5}},"line":123},"27":{"name":"(anonymous_27)","decl":{"start":{"line":124,"column":138},"end":{"line":124,"column":139}},"loc":{"start":{"line":124,"column":158},"end":{"line":129,"column":7}},"line":124},"28":{"name":"(anonymous_28)","decl":{"start":{"line":132,"column":67},"end":{"line":132,"column":68}},"loc":{"start":{"line":132,"column":79},"end":{"line":141,"column":3}},"line":132},"29":{"name":"(anonymous_29)","decl":{"start":{"line":133,"column":57},"end":{"line":133,"column":58}},"loc":{"start":{"line":133,"column":73},"end":{"line":140,"column":5}},"line":133},"30":{"name":"(anonymous_30)","decl":{"start":{"line":134,"column":138},"end":{"line":134,"column":139}},"loc":{"start":{"line":134,"column":158},"end":{"line":139,"column":7}},"line":134}},"branchMap":{"0":{"loc":{"start":{"line":13,"column":46},"end":{"line":13,"column":94}},"type":"cond-expr","locations":[{"start":{"line":13,"column":70},"end":{"line":13,"column":73}},{"start":{"line":13,"column":76},"end":{"line":13,"column":94}}],"line":13},"1":{"loc":{"start":{"line":13,"column":46},"end":{"line":13,"column":67}},"type":"binary-expr","locations":[{"start":{"line":13,"column":46},"end":{"line":13,"column":49}},{"start":{"line":13,"column":53},"end":{"line":13,"column":67}}],"line":13}},"s":{"0":1,"1":1,"2":1,"3":1,"4":1,"5":4,"6":1,"7":1,"8":1,"9":1,"10":1,"11":1,"12":1,"13":1,"14":1,"15":1,"16":1,"17":1,"18":1,"19":1,"20":1,"21":1,"22":1,"23":1,"24":1,"25":1,"26":1,"27":1,"28":1,"29":1,"30":1,"31":1,"32":1,"33":1,"34":1,"35":1,"36":1,"37":1,"38":1,"39":1,"40":1,"41":1,"42":1,"43":1,"44":1,"45":1,"46":1,"47":1,"48":1,"49":1,"50":1,"51":1,"52":1,"53":1,"54":1,"55":1,"56":1,"57":1,"58":1,"59":1,"60":1,"61":1,"62":1,"63":1,"64":1,"65":1,"66":1,"67":1,"68":1,"69":1,"70":1,"71":1,"72":1,"73":1,"74":1,"75":1,"76":1,"77":1,"78":1,"79":1,"80":1,"81":1,"82":1,"83":1,"84":1,"85":1},"f":{"0":4,"1":1,"2":1,"3":1,"4":1,"5":1,"6":1,"7":1,"8":1,"9":1,"10":1,"11":1,"12":1,"13":1,"14":1,"15":1,"16":1,"17":1,"18":1,"19":1,"20":1,"21":1,"22":1,"23":1,"24":1,"25":1,"26":1,"27":1,"28":1,"29":1,"30":1},"b":{"0":[2,2],"1":[4,4]},"_coverageSchema":"43e27e138ebf9cfc5966b082cf9a028302ed4184","hash":"035f303f769ddad1f14a9f39ac53c0e6c33a14b0","contentHash":"3fa3ecb93b218539eb8288130ac2afbbbcd30acc735946ebcd191f18eaedd18f"},"C:\\Users\\User\\Desktop\\team-work\\backend\\app.js":{"path":"C:\\Users\\User\\Desktop\\team-work\\backend\\app.js","statementMap":{"0":{"start":{"line":3,"column":0},"end":{"line":5,"column":3}},"1":{"start":{"line":6,"column":0},"end":{"line":6,"column":28}},"2":{"start":{"line":8,"column":15},"end":{"line":8,"column":57}},"3":{"start":{"line":10,"column":18},"end":{"line":10,"column":64}},"4":{"start":{"line":12,"column":13},"end":{"line":12,"column":62}},"5":{"start":{"line":14,"column":17},"end":{"line":14,"column":70}},"6":{"start":{"line":16,"column":16},"end":{"line":16,"column":68}},"7":{"start":{"line":18,"column":15},"end":{"line":18,"column":66}},"8":{"start":{"line":20,"column":17},"end":{"line":20,"column":70}},"9":{"start":{"line":22,"column":12},"end":{"line":22,"column":27}},"10":{"start":{"line":24,"column":20},"end":{"line":24,"column":76}},"11":{"start":{"line":26,"column":39},"end":{"line":26,"column":95}},"12":{"start":{"line":28,"column":0},"end":{"line":28,"column":26}},"13":{"start":{"line":30,"column":10},"end":{"line":30,"column":36}},"14":{"start":{"line":31,"column":0},"end":{"line":36,"column":3}},"15":{"start":{"line":32,"column":2},"end":{"line":32,"column":52}},"16":{"start":{"line":33,"column":2},"end":{"line":33,"column":122}},"17":{"start":{"line":34,"column":2},"end":{"line":34,"column":90}},"18":{"start":{"line":35,"column":2},"end":{"line":35,"column":9}},"19":{"start":{"line":37,"column":0},"end":{"line":37,"column":84}},"20":{"start":{"line":38,"column":0},"end":{"line":38,"column":39}},"21":{"start":{"line":39,"column":0},"end":{"line":41,"column":4}},"22":{"start":{"line":42,"column":0},"end":{"line":42,"column":39}},"23":{"start":{"line":43,"column":0},"end":{"line":43,"column":43}},"24":{"start":{"line":44,"column":0},"end":{"line":44,"column":46}},"25":{"start":{"line":45,"column":0},"end":{"line":45,"column":45}},"26":{"start":{"line":46,"column":0},"end":{"line":46,"column":44}},"27":{"start":{"line":47,"column":0},"end":{"line":47,"column":46}},"28":{"start":{"line":48,"column":15},"end":{"line":48,"column":18}},"29":{"start":{"line":49,"column":0},"end":{"line":49,"column":30}}},"fnMap":{"0":{"name":"_interopRequireDefault","decl":{"start":{"line":26,"column":9},"end":{"line":26,"column":31}},"loc":{"start":{"line":26,"column":37},"end":{"line":26,"column":97}},"line":26},"1":{"name":"(anonymous_1)","decl":{"start":{"line":31,"column":8},"end":{"line":31,"column":9}},"loc":{"start":{"line":31,"column":34},"end":{"line":36,"column":1}},"line":31}},"branchMap":{"0":{"loc":{"start":{"line":26,"column":46},"end":{"line":26,"column":94}},"type":"cond-expr","locations":[{"start":{"line":26,"column":70},"end":{"line":26,"column":73}},{"start":{"line":26,"column":76},"end":{"line":26,"column":94}}],"line":26},"1":{"loc":{"start":{"line":26,"column":46},"end":{"line":26,"column":67}},"type":"binary-expr","locations":[{"start":{"line":26,"column":46},"end":{"line":26,"column":49}},{"start":{"line":26,"column":53},"end":{"line":26,"column":67}}],"line":26}},"s":{"0":1,"1":1,"2":1,"3":1,"4":1,"5":1,"6":1,"7":1,"8":1,"9":1,"10":1,"11":8,"12":1,"13":1,"14":1,"15":34,"16":34,"17":34,"18":34,"19":1,"20":1,"21":1,"22":1,"23":1,"24":1,"25":1,"26":1,"27":1,"28":1,"29":1},"f":{"0":8,"1":34},"b":{"0":[6,2],"1":[8,8]},"_coverageSchema":"43e27e138ebf9cfc5966b082cf9a028302ed4184","hash":"009b7e95b17c946f4fe6b60e800ac1533176599b","contentHash":"b33aefd60b8789e8bb1042fb7adcec93e41c8e185d103bfa3be920be756379c1"},"C:\\Users\\User\\Desktop\\team-work\\backend\\routes\\admin.js":{"path":"C:\\Users\\User\\Desktop\\team-work\\backend\\routes\\admin.js","statementMap":{"0":{"start":{"line":3,"column":0},"end":{"line":5,"column":3}},"1":{"start":{"line":6,"column":0},"end":{"line":6,"column":28}},"2":{"start":{"line":8,"column":15},"end":{"line":8,"column":57}},"3":{"start":{"line":10,"column":15},"end":{"line":10,"column":72}},"4":{"start":{"line":12,"column":26},"end":{"line":12,"column":70}},"5":{"start":{"line":14,"column":30},"end":{"line":14,"column":102}},"6":{"start":{"line":16,"column":13},"end":{"line":16,"column":68}},"7":{"start":{"line":18,"column":13},"end":{"line":18,"column":40}},"8":{"start":{"line":20,"column":39},"end":{"line":20,"column":95}},"9":{"start":{"line":22,"column":13},"end":{"line":22,"column":41}},"10":{"start":{"line":24,"column":17},"end":{"line":24,"column":46}},"11":{"start":{"line":26,"column":13},"end":{"line":26,"column":37}},"12":{"start":{"line":27,"column":13},"end":{"line":27,"column":37}},"13":{"start":{"line":28,"column":16},"end":{"line":28,"column":43}},"14":{"start":{"line":29,"column":14},"end":{"line":29,"column":39}},"15":{"start":{"line":30,"column":0},"end":{"line":32,"column":4}},"16":{"start":{"line":33,"column":0},"end":{"line":33,"column":126}},"17":{"start":{"line":34,"column":0},"end":{"line":34,"column":78}},"18":{"start":{"line":35,"column":0},"end":{"line":35,"column":61}},"19":{"start":{"line":36,"column":0},"end":{"line":36,"column":49}},"20":{"start":{"line":37,"column":15},"end":{"line":37,"column":21}},"21":{"start":{"line":38,"column":0},"end":{"line":38,"column":30}}},"fnMap":{"0":{"name":"_interopRequireDefault","decl":{"start":{"line":20,"column":9},"end":{"line":20,"column":31}},"loc":{"start":{"line":20,"column":37},"end":{"line":20,"column":97}},"line":20}},"branchMap":{"0":{"loc":{"start":{"line":20,"column":46},"end":{"line":20,"column":94}},"type":"cond-expr","locations":[{"start":{"line":20,"column":70},"end":{"line":20,"column":73}},{"start":{"line":20,"column":76},"end":{"line":20,"column":94}}],"line":20},"1":{"loc":{"start":{"line":20,"column":46},"end":{"line":20,"column":67}},"type":"binary-expr","locations":[{"start":{"line":20,"column":46},"end":{"line":20,"column":49}},{"start":{"line":20,"column":53},"end":{"line":20,"column":67}}],"line":20}},"s":{"0":1,"1":1,"2":1,"3":1,"4":1,"5":1,"6":1,"7":1,"8":4,"9":1,"10":1,"11":1,"12":1,"13":1,"14":1,"15":1,"16":1,"17":1,"18":1,"19":1,"20":1,"21":1},"f":{"0":4},"b":{"0":[3,1],"1":[4,4]},"_coverageSchema":"43e27e138ebf9cfc5966b082cf9a028302ed4184","hash":"30b81bb8da7e22403d6e759a96bbeb02aa3bd90a","contentHash":"5e829798de1f62d79d05630fc5829030a4d6d3c1073cd14dc65cf261f8964aa6"},"C:\\Users\\User\\Desktop\\team-work\\backend\\middlewares\\isAdmin.js":{"path":"C:\\Users\\User\\Desktop\\team-work\\backend\\middlewares\\isAdmin.js","statementMap":{"0":{"start":{"line":3,"column":0},"end":{"line":5,"column":3}},"1":{"start":{"line":6,"column":0},"end":{"line":6,"column":28}},"2":{"start":{"line":8,"column":14},"end":{"line":14,"column":1}},"3":{"start":{"line":9,"column":2},"end":{"line":11,"column":3}},"4":{"start":{"line":10,"column":4},"end":{"line":10,"column":71}},"5":{"start":{"line":13,"column":2},"end":{"line":13,"column":9}},"6":{"start":{"line":16,"column":15},"end":{"line":16,"column":22}},"7":{"start":{"line":17,"column":0},"end":{"line":17,"column":30}}},"fnMap":{"0":{"name":"isAdmin","decl":{"start":{"line":8,"column":23},"end":{"line":8,"column":30}},"loc":{"start":{"line":8,"column":47},"end":{"line":14,"column":1}},"line":8}},"branchMap":{"0":{"loc":{"start":{"line":9,"column":2},"end":{"line":11,"column":3}},"type":"if","locations":[{"start":{"line":9,"column":2},"end":{"line":11,"column":3}},{"start":{"line":9,"column":2},"end":{"line":11,"column":3}}],"line":9}},"s":{"0":1,"1":1,"2":1,"3":0,"4":0,"5":0,"6":1,"7":1},"f":{"0":0},"b":{"0":[0,0]},"_coverageSchema":"43e27e138ebf9cfc5966b082cf9a028302ed4184","hash":"d8d1c242a6bb1a2ae7ae868ecbdfbbe42ece79d5","contentHash":"7dd25b92cb3d19992089193c4ad1b45d85b4a94f2ebbd73e55875f857375a3a3"},"C:\\Users\\User\\Desktop\\team-work\\backend\\middlewares\\validatCredentials.js":{"path":"C:\\Users\\User\\Desktop\\team-work\\backend\\middlewares\\validatCredentials.js","statementMap":{"0":{"start":{"line":3,"column":0},"end":{"line":5,"column":3}},"1":{"start":{"line":6,"column":0},"end":{"line":6,"column":140}},"2":{"start":{"line":8,"column":19},"end":{"line":8,"column":65}},"3":{"start":{"line":10,"column":39},"end":{"line":10,"column":95}},"4":{"start":{"line":12,"column":20},"end":{"line":17,"column":1}},"5":{"start":{"line":19,"column":26},"end":{"line":32,"column":1}},"6":{"start":{"line":20,"column":2},"end":{"line":20,"column":24}},"7":{"start":{"line":21,"column":18},"end":{"line":21,"column":77}},"8":{"start":{"line":23,"column":2},"end":{"line":25,"column":3}},"9":{"start":{"line":24,"column":4},"end":{"line":24,"column":18}},"10":{"start":{"line":27,"column":15},"end":{"line":27,"column":37}},"11":{"start":{"line":28,"column":2},"end":{"line":31,"column":5}},"12":{"start":{"line":34,"column":39},"end":{"line":42,"column":1}},"13":{"start":{"line":35,"column":14},"end":{"line":40,"column":3}},"14":{"start":{"line":41,"column":2},"end":{"line":41,"column":52}},"15":{"start":{"line":44,"column":0},"end":{"line":44,"column":76}},"16":{"start":{"line":46,"column":32},"end":{"line":52,"column":1}},"17":{"start":{"line":47,"column":14},"end":{"line":50,"column":3}},"18":{"start":{"line":51,"column":2},"end":{"line":51,"column":52}},"19":{"start":{"line":54,"column":0},"end":{"line":54,"column":62}},"20":{"start":{"line":56,"column":23},"end":{"line":61,"column":1}},"21":{"start":{"line":57,"column":14},"end":{"line":59,"column":3}},"22":{"start":{"line":60,"column":2},"end":{"line":60,"column":52}},"23":{"start":{"line":63,"column":0},"end":{"line":63,"column":44}},"24":{"start":{"line":65,"column":23},"end":{"line":70,"column":1}},"25":{"start":{"line":66,"column":14},"end":{"line":68,"column":3}},"26":{"start":{"line":69,"column":2},"end":{"line":69,"column":52}},"27":{"start":{"line":72,"column":0},"end":{"line":72,"column":44}}},"fnMap":{"0":{"name":"_interopRequireDefault","decl":{"start":{"line":10,"column":9},"end":{"line":10,"column":31}},"loc":{"start":{"line":10,"column":37},"end":{"line":10,"column":97}},"line":10},"1":{"name":"validateCredentials","decl":{"start":{"line":19,"column":35},"end":{"line":19,"column":54}},"loc":{"start":{"line":19,"column":78},"end":{"line":32,"column":1}},"line":19},"2":{"name":"validateRegisterationCredentials","decl":{"start":{"line":34,"column":48},"end":{"line":34,"column":80}},"loc":{"start":{"line":34,"column":97},"end":{"line":42,"column":1}},"line":34},"3":{"name":"validateSigninCredentials","decl":{"start":{"line":46,"column":41},"end":{"line":46,"column":66}},"loc":{"start":{"line":46,"column":83},"end":{"line":52,"column":1}},"line":46},"4":{"name":"validateComments","decl":{"start":{"line":56,"column":32},"end":{"line":56,"column":48}},"loc":{"start":{"line":56,"column":65},"end":{"line":61,"column":1}},"line":56},"5":{"name":"validateCategory","decl":{"start":{"line":65,"column":32},"end":{"line":65,"column":48}},"loc":{"start":{"line":65,"column":65},"end":{"line":70,"column":1}},"line":65}},"branchMap":{"0":{"loc":{"start":{"line":10,"column":46},"end":{"line":10,"column":94}},"type":"cond-expr","locations":[{"start":{"line":10,"column":70},"end":{"line":10,"column":73}},{"start":{"line":10,"column":76},"end":{"line":10,"column":94}}],"line":10},"1":{"loc":{"start":{"line":10,"column":46},"end":{"line":10,"column":67}},"type":"binary-expr","locations":[{"start":{"line":10,"column":46},"end":{"line":10,"column":49}},{"start":{"line":10,"column":53},"end":{"line":10,"column":67}}],"line":10},"2":{"loc":{"start":{"line":23,"column":2},"end":{"line":25,"column":3}},"type":"if","locations":[{"start":{"line":23,"column":2},"end":{"line":25,"column":3}},{"start":{"line":23,"column":2},"end":{"line":25,"column":3}}],"line":23}},"s":{"0":1,"1":1,"2":1,"3":1,"4":1,"5":1,"6":16,"7":16,"8":16,"9":8,"10":8,"11":8,"12":1,"13":4,"14":4,"15":1,"16":1,"17":6,"18":6,"19":1,"20":1,"21":2,"22":2,"23":1,"24":1,"25":4,"26":4,"27":1},"f":{"0":1,"1":16,"2":4,"3":6,"4":2,"5":4},"b":{"0":[0,1],"1":[1,1],"2":[8,8]},"_coverageSchema":"43e27e138ebf9cfc5966b082cf9a028302ed4184","hash":"f9d8120d095f55842be8e421748200ac8bdcb4c9","contentHash":"af5d4ef3a07f46d7ebbc6e4d80780293ac3e38639a897680ba951c6069bac0d5"},"C:\\Users\\User\\Desktop\\team-work\\backend\\middlewares\\validateEmailExistence.js":{"path":"C:\\Users\\User\\Desktop\\team-work\\backend\\middlewares\\validateEmailExistence.js","statementMap":{"0":{"start":{"line":3,"column":0},"end":{"line":5,"column":3}},"1":{"start":{"line":6,"column":0},"end":{"line":6,"column":28}},"2":{"start":{"line":8,"column":10},"end":{"line":8,"column":57}},"3":{"start":{"line":10,"column":39},"end":{"line":10,"column":95}},"4":{"start":{"line":12,"column":12},"end":{"line":12,"column":39}},"5":{"start":{"line":14,"column":29},"end":{"line":57,"column":1}},"6":{"start":{"line":16,"column":2},"end":{"line":56,"column":28}},"7":{"start":{"line":17,"column":4},"end":{"line":55,"column":5}},"8":{"start":{"line":18,"column":6},"end":{"line":54,"column":7}},"9":{"start":{"line":20,"column":10},"end":{"line":20,"column":28}},"10":{"start":{"line":21,"column":10},"end":{"line":21,"column":33}},"11":{"start":{"line":22,"column":10},"end":{"line":22,"column":28}},"12":{"start":{"line":23,"column":10},"end":{"line":23,"column":82}},"13":{"start":{"line":26,"column":10},"end":{"line":26,"column":31}},"14":{"start":{"line":28,"column":10},"end":{"line":31,"column":11}},"15":{"start":{"line":29,"column":12},"end":{"line":29,"column":30}},"16":{"start":{"line":30,"column":12},"end":{"line":30,"column":18}},"17":{"start":{"line":33,"column":10},"end":{"line":36,"column":14}},"18":{"start":{"line":39,"column":10},"end":{"line":39,"column":17}},"19":{"start":{"line":40,"column":10},"end":{"line":40,"column":29}},"20":{"start":{"line":41,"column":10},"end":{"line":41,"column":16}},"21":{"start":{"line":44,"column":10},"end":{"line":44,"column":29}},"22":{"start":{"line":45,"column":10},"end":{"line":45,"column":45}},"23":{"start":{"line":46,"column":10},"end":{"line":49,"column":14}},"24":{"start":{"line":53,"column":10},"end":{"line":53,"column":33}},"25":{"start":{"line":59,"column":15},"end":{"line":59,"column":37}},"26":{"start":{"line":60,"column":0},"end":{"line":60,"column":30}}},"fnMap":{"0":{"name":"_interopRequireDefault","decl":{"start":{"line":10,"column":9},"end":{"line":10,"column":31}},"loc":{"start":{"line":10,"column":37},"end":{"line":10,"column":97}},"line":10},"1":{"name":"validateEmailExistence","decl":{"start":{"line":14,"column":38},"end":{"line":14,"column":60}},"loc":{"start":{"line":14,"column":77},"end":{"line":57,"column":1}},"line":14},"2":{"name":"validateEmailExistence$","decl":{"start":{"line":16,"column":43},"end":{"line":16,"column":66}},"loc":{"start":{"line":16,"column":77},"end":{"line":56,"column":3}},"line":16}},"branchMap":{"0":{"loc":{"start":{"line":10,"column":46},"end":{"line":10,"column":94}},"type":"cond-expr","locations":[{"start":{"line":10,"column":70},"end":{"line":10,"column":73}},{"start":{"line":10,"column":76},"end":{"line":10,"column":94}}],"line":10},"1":{"loc":{"start":{"line":10,"column":46},"end":{"line":10,"column":67}},"type":"binary-expr","locations":[{"start":{"line":10,"column":46},"end":{"line":10,"column":49}},{"start":{"line":10,"column":53},"end":{"line":10,"column":67}}],"line":10},"2":{"loc":{"start":{"line":18,"column":6},"end":{"line":54,"column":7}},"type":"switch","locations":[{"start":{"line":19,"column":8},"end":{"line":23,"column":82}},{"start":{"line":25,"column":8},"end":{"line":36,"column":14}},{"start":{"line":38,"column":8},"end":{"line":41,"column":16}},{"start":{"line":43,"column":8},"end":{"line":49,"column":14}},{"start":{"line":51,"column":8},"end":{"line":51,"column":16}},{"start":{"line":52,"column":8},"end":{"line":53,"column":33}}],"line":18},"3":{"loc":{"start":{"line":28,"column":10},"end":{"line":31,"column":11}},"type":"if","locations":[{"start":{"line":28,"column":10},"end":{"line":31,"column":11}},{"start":{"line":28,"column":10},"end":{"line":31,"column":11}}],"line":28}},"s":{"0":1,"1":1,"2":1,"3":1,"4":1,"5":1,"6":2,"7":5,"8":7,"9":2,"10":2,"11":2,"12":2,"13":2,"14":2,"15":1,"16":1,"17":1,"18":1,"19":1,"20":1,"21":0,"22":0,"23":0,"24":2,"25":1,"26":1},"f":{"0":1,"1":2,"2":5},"b":{"0":[1,0],"1":[1,1],"2":[2,2,1,0,1,2],"3":[1,1]},"_coverageSchema":"43e27e138ebf9cfc5966b082cf9a028302ed4184","hash":"39629ca2069c96e6787675b4575e360afec2bf73","contentHash":"b30a91d3428e2ae581ec2907835fd0946390fe1dd254f75efcd74e92bbfa294b"},"C:\\Users\\User\\Desktop\\team-work\\backend\\models\\db.js":{"path":"C:\\Users\\User\\Desktop\\team-work\\backend\\models\\db.js","statementMap":{"0":{"start":{"line":3,"column":0},"end":{"line":5,"column":3}},"1":{"start":{"line":6,"column":0},"end":{"line":6,"column":28}},"2":{"start":{"line":8,"column":14},"end":{"line":8,"column":65}},"3":{"start":{"line":10,"column":16},"end":{"line":10,"column":74}},"4":{"start":{"line":12,"column":39},"end":{"line":12,"column":95}},"5":{"start":{"line":14,"column":50},"end":{"line":14,"column":151}},"6":{"start":{"line":14,"column":92},"end":{"line":14,"column":149}},"7":{"start":{"line":16,"column":44},"end":{"line":16,"column":315}},"8":{"start":{"line":16,"column":57},"end":{"line":16,"column":58}},"9":{"start":{"line":16,"column":102},"end":{"line":16,"column":110}},"10":{"start":{"line":16,"column":112},"end":{"line":16,"column":167}},"11":{"start":{"line":16,"column":168},"end":{"line":16,"column":199}},"12":{"start":{"line":16,"column":200},"end":{"line":16,"column":254}},"13":{"start":{"line":16,"column":227},"end":{"line":16,"column":254}},"14":{"start":{"line":16,"column":255},"end":{"line":16,"column":313}},"15":{"start":{"line":18,"column":62},"end":{"line":18,"column":131}},"16":{"start":{"line":18,"column":78},"end":{"line":18,"column":131}},"17":{"start":{"line":18,"column":132},"end":{"line":18,"column":193}},"18":{"start":{"line":18,"column":149},"end":{"line":18,"column":193}},"19":{"start":{"line":18,"column":194},"end":{"line":18,"column":213}},"20":{"start":{"line":22,"column":0},"end":{"line":223,"column":3}},"21":{"start":{"line":24,"column":4},"end":{"line":24,"column":33}},"22":{"start":{"line":26,"column":4},"end":{"line":26,"column":23}},"23":{"start":{"line":27,"column":4},"end":{"line":27,"column":35}},"24":{"start":{"line":28,"column":4},"end":{"line":30,"column":7}},"25":{"start":{"line":29,"column":6},"end":{"line":29,"column":27}},"26":{"start":{"line":33,"column":2},"end":{"line":220,"column":6}},"27":{"start":{"line":38,"column":6},"end":{"line":68,"column":31}},"28":{"start":{"line":39,"column":8},"end":{"line":67,"column":9}},"29":{"start":{"line":40,"column":10},"end":{"line":66,"column":11}},"30":{"start":{"line":42,"column":14},"end":{"line":42,"column":32}},"31":{"start":{"line":44,"column":14},"end":{"line":48,"column":15}},"32":{"start":{"line":45,"column":16},"end":{"line":45,"column":105}},"33":{"start":{"line":47,"column":16},"end":{"line":47,"column":79}},"34":{"start":{"line":50,"column":14},"end":{"line":50,"column":32}},"35":{"start":{"line":51,"column":14},"end":{"line":51,"column":78}},"36":{"start":{"line":54,"column":14},"end":{"line":54,"column":35}},"37":{"start":{"line":55,"column":14},"end":{"line":55,"column":31}},"38":{"start":{"line":56,"column":14},"end":{"line":56,"column":53}},"39":{"start":{"line":59,"column":14},"end":{"line":59,"column":32}},"40":{"start":{"line":60,"column":14},"end":{"line":60,"column":49}},"41":{"start":{"line":61,"column":14},"end":{"line":61,"column":32}},"42":{"start":{"line":65,"column":14},"end":{"line":65,"column":37}},"43":{"start":{"line":75,"column":6},"end":{"line":99,"column":31}},"44":{"start":{"line":76,"column":8},"end":{"line":98,"column":9}},"45":{"start":{"line":77,"column":10},"end":{"line":97,"column":11}},"46":{"start":{"line":79,"column":14},"end":{"line":79,"column":33}},"47":{"start":{"line":80,"column":14},"end":{"line":80,"column":107}},"48":{"start":{"line":81,"column":14},"end":{"line":81,"column":33}},"49":{"start":{"line":82,"column":14},"end":{"line":82,"column":78}},"50":{"start":{"line":85,"column":14},"end":{"line":85,"column":37}},"51":{"start":{"line":86,"column":14},"end":{"line":86,"column":32}},"52":{"start":{"line":87,"column":14},"end":{"line":87,"column":54}},"53":{"start":{"line":90,"column":14},"end":{"line":90,"column":33}},"54":{"start":{"line":91,"column":14},"end":{"line":91,"column":51}},"55":{"start":{"line":92,"column":14},"end":{"line":92,"column":33}},"56":{"start":{"line":96,"column":14},"end":{"line":96,"column":38}},"57":{"start":{"line":106,"column":6},"end":{"line":131,"column":32}},"58":{"start":{"line":107,"column":8},"end":{"line":130,"column":9}},"59":{"start":{"line":108,"column":10},"end":{"line":129,"column":11}},"60":{"start":{"line":110,"column":14},"end":{"line":110,"column":126}},"61":{"start":{"line":111,"column":14},"end":{"line":111,"column":33}},"62":{"start":{"line":112,"column":14},"end":{"line":112,"column":33}},"63":{"start":{"line":113,"column":14},"end":{"line":113,"column":33}},"64":{"start":{"line":114,"column":14},"end":{"line":114,"column":78}},"65":{"start":{"line":117,"column":14},"end":{"line":117,"column":37}},"66":{"start":{"line":118,"column":14},"end":{"line":118,"column":32}},"67":{"start":{"line":119,"column":14},"end":{"line":119,"column":54}},"68":{"start":{"line":122,"column":14},"end":{"line":122,"column":34}},"69":{"start":{"line":123,"column":14},"end":{"line":123,"column":51}},"70":{"start":{"line":124,"column":14},"end":{"line":124,"column":33}},"71":{"start":{"line":128,"column":14},"end":{"line":128,"column":38}},"72":{"start":{"line":138,"column":6},"end":{"line":162,"column":31}},"73":{"start":{"line":139,"column":8},"end":{"line":161,"column":9}},"74":{"start":{"line":140,"column":10},"end":{"line":160,"column":11}},"75":{"start":{"line":142,"column":14},"end":{"line":142,"column":118}},"76":{"start":{"line":143,"column":14},"end":{"line":143,"column":33}},"77":{"start":{"line":144,"column":14},"end":{"line":144,"column":33}},"78":{"start":{"line":145,"column":14},"end":{"line":145,"column":78}},"79":{"start":{"line":148,"column":14},"end":{"line":148,"column":37}},"80":{"start":{"line":149,"column":14},"end":{"line":149,"column":32}},"81":{"start":{"line":150,"column":14},"end":{"line":150,"column":57}},"82":{"start":{"line":153,"column":14},"end":{"line":153,"column":33}},"83":{"start":{"line":154,"column":14},"end":{"line":154,"column":51}},"84":{"start":{"line":155,"column":14},"end":{"line":155,"column":33}},"85":{"start":{"line":159,"column":14},"end":{"line":159,"column":38}},"86":{"start":{"line":169,"column":6},"end":{"line":193,"column":31}},"87":{"start":{"line":170,"column":8},"end":{"line":192,"column":9}},"88":{"start":{"line":171,"column":10},"end":{"line":191,"column":11}},"89":{"start":{"line":173,"column":14},"end":{"line":173,"column":98}},"90":{"start":{"line":174,"column":14},"end":{"line":174,"column":33}},"91":{"start":{"line":175,"column":14},"end":{"line":175,"column":33}},"92":{"start":{"line":176,"column":14},"end":{"line":176,"column":78}},"93":{"start":{"line":179,"column":14},"end":{"line":179,"column":37}},"94":{"start":{"line":180,"column":14},"end":{"line":180,"column":32}},"95":{"start":{"line":181,"column":14},"end":{"line":181,"column":57}},"96":{"start":{"line":184,"column":14},"end":{"line":184,"column":33}},"97":{"start":{"line":185,"column":14},"end":{"line":185,"column":51}},"98":{"start":{"line":186,"column":14},"end":{"line":186,"column":33}},"99":{"start":{"line":190,"column":14},"end":{"line":190,"column":38}},"100":{"start":{"line":200,"column":6},"end":{"line":218,"column":21}},"101":{"start":{"line":201,"column":8},"end":{"line":217,"column":9}},"102":{"start":{"line":202,"column":10},"end":{"line":216,"column":11}},"103":{"start":{"line":204,"column":14},"end":{"line":204,"column":684}},"104":{"start":{"line":205,"column":14},"end":{"line":205,"column":33}},"105":{"start":{"line":206,"column":14},"end":{"line":206,"column":72}},"106":{"start":{"line":209,"column":14},"end":{"line":209,"column":37}},"107":{"start":{"line":210,"column":14},"end":{"line":210,"column":32}},"108":{"start":{"line":211,"column":14},"end":{"line":211,"column":54}},"109":{"start":{"line":215,"column":14},"end":{"line":215,"column":38}},"110":{"start":{"line":222,"column":2},"end":{"line":222,"column":15}},"111":{"start":{"line":225,"column":15},"end":{"line":225,"column":20}},"112":{"start":{"line":226,"column":0},"end":{"line":226,"column":30}}},"fnMap":{"0":{"name":"_interopRequireDefault","decl":{"start":{"line":12,"column":9},"end":{"line":12,"column":31}},"loc":{"start":{"line":12,"column":37},"end":{"line":12,"column":97}},"line":12},"1":{"name":"_classCallCheck","decl":{"start":{"line":14,"column":9},"end":{"line":14,"column":24}},"loc":{"start":{"line":14,"column":48},"end":{"line":14,"column":153}},"line":14},"2":{"name":"_defineProperties","decl":{"start":{"line":16,"column":9},"end":{"line":16,"column":26}},"loc":{"start":{"line":16,"column":42},"end":{"line":16,"column":317}},"line":16},"3":{"name":"_createClass","decl":{"start":{"line":18,"column":9},"end":{"line":18,"column":21}},"loc":{"start":{"line":18,"column":60},"end":{"line":18,"column":215}},"line":18},"4":{"name":"(anonymous_4)","decl":{"start":{"line":22,"column":0},"end":{"line":22,"column":1}},"loc":{"start":{"line":22,"column":12},"end":{"line":223,"column":1}},"line":22},"5":{"name":"Model","decl":{"start":{"line":23,"column":11},"end":{"line":23,"column":16}},"loc":{"start":{"line":23,"column":24},"end":{"line":31,"column":3}},"line":23},"6":{"name":"(anonymous_6)","decl":{"start":{"line":28,"column":26},"end":{"line":28,"column":27}},"loc":{"start":{"line":28,"column":49},"end":{"line":30,"column":5}},"line":28},"7":{"name":"select","decl":{"start":{"line":35,"column":20},"end":{"line":35,"column":26}},"loc":{"start":{"line":35,"column":52},"end":{"line":69,"column":5}},"line":35},"8":{"name":"select$","decl":{"start":{"line":38,"column":47},"end":{"line":38,"column":54}},"loc":{"start":{"line":38,"column":65},"end":{"line":68,"column":7}},"line":38},"9":{"name":"selectOrder","decl":{"start":{"line":72,"column":20},"end":{"line":72,"column":31}},"loc":{"start":{"line":72,"column":57},"end":{"line":100,"column":5}},"line":72},"10":{"name":"selectOrder$","decl":{"start":{"line":75,"column":47},"end":{"line":75,"column":59}},"loc":{"start":{"line":75,"column":71},"end":{"line":99,"column":7}},"line":75},"11":{"name":"insert","decl":{"start":{"line":103,"column":20},"end":{"line":103,"column":26}},"loc":{"start":{"line":103,"column":54},"end":{"line":132,"column":5}},"line":103},"12":{"name":"insert$","decl":{"start":{"line":106,"column":47},"end":{"line":106,"column":54}},"loc":{"start":{"line":106,"column":66},"end":{"line":131,"column":7}},"line":106},"13":{"name":"update","decl":{"start":{"line":135,"column":20},"end":{"line":135,"column":26}},"loc":{"start":{"line":135,"column":52},"end":{"line":163,"column":5}},"line":135},"14":{"name":"update$","decl":{"start":{"line":138,"column":47},"end":{"line":138,"column":54}},"loc":{"start":{"line":138,"column":66},"end":{"line":162,"column":7}},"line":138},"15":{"name":"_delete","decl":{"start":{"line":166,"column":20},"end":{"line":166,"column":27}},"loc":{"start":{"line":166,"column":44},"end":{"line":194,"column":5}},"line":166},"16":{"name":"_delete$","decl":{"start":{"line":169,"column":47},"end":{"line":169,"column":55}},"loc":{"start":{"line":169,"column":67},"end":{"line":193,"column":7}},"line":169},"17":{"name":"getFeed","decl":{"start":{"line":197,"column":20},"end":{"line":197,"column":27}},"loc":{"start":{"line":197,"column":30},"end":{"line":219,"column":5}},"line":197},"18":{"name":"getFeed$","decl":{"start":{"line":200,"column":47},"end":{"line":200,"column":55}},"loc":{"start":{"line":200,"column":67},"end":{"line":218,"column":7}},"line":200}},"branchMap":{"0":{"loc":{"start":{"line":12,"column":46},"end":{"line":12,"column":94}},"type":"cond-expr","locations":[{"start":{"line":12,"column":70},"end":{"line":12,"column":73}},{"start":{"line":12,"column":76},"end":{"line":12,"column":94}}],"line":12},"1":{"loc":{"start":{"line":12,"column":46},"end":{"line":12,"column":67}},"type":"binary-expr","locations":[{"start":{"line":12,"column":46},"end":{"line":12,"column":49}},{"start":{"line":12,"column":53},"end":{"line":12,"column":67}}],"line":12},"2":{"loc":{"start":{"line":14,"column":50},"end":{"line":14,"column":151}},"type":"if","locations":[{"start":{"line":14,"column":50},"end":{"line":14,"column":151}},{"start":{"line":14,"column":50},"end":{"line":14,"column":151}}],"line":14},"3":{"loc":{"start":{"line":16,"column":136},"end":{"line":16,"column":166}},"type":"binary-expr","locations":[{"start":{"line":16,"column":136},"end":{"line":16,"column":157}},{"start":{"line":16,"column":161},"end":{"line":16,"column":166}}],"line":16},"4":{"loc":{"start":{"line":16,"column":200},"end":{"line":16,"column":254}},"type":"if","locations":[{"start":{"line":16,"column":200},"end":{"line":16,"column":254}},{"start":{"line":16,"column":200},"end":{"line":16,"column":254}}],"line":16},"5":{"loc":{"start":{"line":18,"column":62},"end":{"line":18,"column":131}},"type":"if","locations":[{"start":{"line":18,"column":62},"end":{"line":18,"column":131}},{"start":{"line":18,"column":62},"end":{"line":18,"column":131}}],"line":18},"6":{"loc":{"start":{"line":18,"column":132},"end":{"line":18,"column":193}},"type":"if","locations":[{"start":{"line":18,"column":132},"end":{"line":18,"column":193}},{"start":{"line":18,"column":132},"end":{"line":18,"column":193}}],"line":18},"7":{"loc":{"start":{"line":40,"column":10},"end":{"line":66,"column":11}},"type":"switch","locations":[{"start":{"line":41,"column":12},"end":{"line":51,"column":78}},{"start":{"line":53,"column":12},"end":{"line":56,"column":53}},{"start":{"line":58,"column":12},"end":{"line":61,"column":32}},{"start":{"line":63,"column":12},"end":{"line":63,"column":20}},{"start":{"line":64,"column":12},"end":{"line":65,"column":37}}],"line":40},"8":{"loc":{"start":{"line":44,"column":14},"end":{"line":48,"column":15}},"type":"if","locations":[{"start":{"line":44,"column":14},"end":{"line":48,"column":15}},{"start":{"line":44,"column":14},"end":{"line":48,"column":15}}],"line":44},"9":{"loc":{"start":{"line":77,"column":10},"end":{"line":97,"column":11}},"type":"switch","locations":[{"start":{"line":78,"column":12},"end":{"line":82,"column":78}},{"start":{"line":84,"column":12},"end":{"line":87,"column":54}},{"start":{"line":89,"column":12},"end":{"line":92,"column":33}},{"start":{"line":94,"column":12},"end":{"line":94,"column":20}},{"start":{"line":95,"column":12},"end":{"line":96,"column":38}}],"line":77},"10":{"loc":{"start":{"line":108,"column":10},"end":{"line":129,"column":11}},"type":"switch","locations":[{"start":{"line":109,"column":12},"end":{"line":114,"column":78}},{"start":{"line":116,"column":12},"end":{"line":119,"column":54}},{"start":{"line":121,"column":12},"end":{"line":124,"column":33}},{"start":{"line":126,"column":12},"end":{"line":126,"column":20}},{"start":{"line":127,"column":12},"end":{"line":128,"column":38}}],"line":108},"11":{"loc":{"start":{"line":140,"column":10},"end":{"line":160,"column":11}},"type":"switch","locations":[{"start":{"line":141,"column":12},"end":{"line":145,"column":78}},{"start":{"line":147,"column":12},"end":{"line":150,"column":57}},{"start":{"line":152,"column":12},"end":{"line":155,"column":33}},{"start":{"line":157,"column":12},"end":{"line":157,"column":20}},{"start":{"line":158,"column":12},"end":{"line":159,"column":38}}],"line":140},"12":{"loc":{"start":{"line":171,"column":10},"end":{"line":191,"column":11}},"type":"switch","locations":[{"start":{"line":172,"column":12},"end":{"line":176,"column":78}},{"start":{"line":178,"column":12},"end":{"line":181,"column":57}},{"start":{"line":183,"column":12},"end":{"line":186,"column":33}},{"start":{"line":188,"column":12},"end":{"line":188,"column":20}},{"start":{"line":189,"column":12},"end":{"line":190,"column":38}}],"line":171},"13":{"loc":{"start":{"line":202,"column":10},"end":{"line":216,"column":11}},"type":"switch","locations":[{"start":{"line":203,"column":12},"end":{"line":206,"column":72}},{"start":{"line":208,"column":12},"end":{"line":211,"column":54}},{"start":{"line":213,"column":12},"end":{"line":213,"column":19}},{"start":{"line":214,"column":12},"end":{"line":215,"column":38}}],"line":202}},"s":{"0":1,"1":1,"2":1,"3":1,"4":2,"5":30,"6":0,"7":1,"8":1,"9":6,"10":6,"11":6,"12":6,"13":6,"14":6,"15":1,"16":1,"17":1,"18":0,"19":1,"20":1,"21":30,"22":30,"23":30,"24":30,"25":0,"26":1,"27":21,"28":63,"29":63,"30":21,"31":21,"32":19,"33":2,"34":21,"35":21,"36":18,"37":18,"38":18,"39":3,"40":3,"41":3,"42":21,"43":1,"44":3,"45":3,"46":1,"47":1,"48":1,"49":1,"50":1,"51":1,"52":1,"53":0,"54":0,"55":0,"56":1,"57":5,"58":15,"59":15,"60":5,"61":5,"62":5,"63":5,"64":5,"65":5,"66":5,"67":5,"68":0,"69":0,"70":0,"71":5,"72":2,"73":6,"74":6,"75":2,"76":2,"77":2,"78":2,"79":2,"80":2,"81":2,"82":0,"83":0,"84":0,"85":2,"86":2,"87":6,"88":6,"89":2,"90":2,"91":2,"92":2,"93":2,"94":2,"95":2,"96":0,"97":0,"98":0,"99":2,"100":0,"101":0,"102":0,"103":0,"104":0,"105":0,"106":0,"107":0,"108":0,"109":0,"110":1,"111":1,"112":1},"f":{"0":2,"1":30,"2":1,"3":1,"4":1,"5":30,"6":0,"7":21,"8":63,"9":1,"10":3,"11":5,"12":15,"13":2,"14":6,"15":2,"16":6,"17":0,"18":0},"b":{"0":[2,0],"1":[2,2],"2":[0,30],"3":[6,6],"4":[6,0],"5":[1,0],"6":[0,1],"7":[21,18,3,0,21],"8":[19,2],"9":[1,1,0,0,1],"10":[5,5,0,0,5],"11":[2,2,0,0,2],"12":[2,2,0,0,2],"13":[0,0,0,0]},"_coverageSchema":"43e27e138ebf9cfc5966b082cf9a028302ed4184","hash":"c36fa4f4bf9753e9a7dc6ec1b40672807301eddf","contentHash":"df4cdb9f9a56ed9ae8e111746c7fc3d46e053b2a1427969e85a72d8046cf390e"},"C:\\Users\\User\\Desktop\\team-work\\backend\\config\\config.js":{"path":"C:\\Users\\User\\Desktop\\team-work\\backend\\config\\config.js","statementMap":{"0":{"start":{"line":3,"column":0},"end":{"line":5,"column":3}},"1":{"start":{"line":6,"column":0},"end":{"line":6,"column":28}},"2":{"start":{"line":8,"column":14},"end":{"line":8,"column":55}},"3":{"start":{"line":10,"column":10},"end":{"line":10,"column":23}},"4":{"start":{"line":12,"column":39},"end":{"line":12,"column":95}},"5":{"start":{"line":14,"column":0},"end":{"line":14,"column":28}},"6":{"start":{"line":16,"column":0},"end":{"line":16,"column":71}},"7":{"start":{"line":18,"column":23},"end":{"line":18,"column":206}},"8":{"start":{"line":19,"column":27},"end":{"line":19,"column":188}},"9":{"start":{"line":21,"column":0},"end":{"line":38,"column":1}},"10":{"start":{"line":22,"column":2},"end":{"line":25,"column":5}},"11":{"start":{"line":26,"column":7},"end":{"line":38,"column":1}},"12":{"start":{"line":27,"column":2},"end":{"line":33,"column":5}},"13":{"start":{"line":35,"column":2},"end":{"line":37,"column":5}},"14":{"start":{"line":40,"column":0},"end":{"line":47,"column":1}},"15":{"start":{"line":41,"column":2},"end":{"line":41,"column":50}},"16":{"start":{"line":42,"column":2},"end":{"line":42,"column":18}},"17":{"start":{"line":44,"column":2},"end":{"line":46,"column":5}},"18":{"start":{"line":45,"column":4},"end":{"line":45,"column":58}},"19":{"start":{"line":49,"column":15},"end":{"line":49,"column":19}},"20":{"start":{"line":50,"column":0},"end":{"line":50,"column":30}}},"fnMap":{"0":{"name":"_interopRequireDefault","decl":{"start":{"line":12,"column":9},"end":{"line":12,"column":31}},"loc":{"start":{"line":12,"column":37},"end":{"line":12,"column":97}},"line":12},"1":{"name":"(anonymous_1)","decl":{"start":{"line":44,"column":21},"end":{"line":44,"column":22}},"loc":{"start":{"line":44,"column":33},"end":{"line":46,"column":3}},"line":44}},"branchMap":{"0":{"loc":{"start":{"line":12,"column":46},"end":{"line":12,"column":94}},"type":"cond-expr","locations":[{"start":{"line":12,"column":70},"end":{"line":12,"column":73}},{"start":{"line":12,"column":76},"end":{"line":12,"column":94}}],"line":12},"1":{"loc":{"start":{"line":12,"column":46},"end":{"line":12,"column":67}},"type":"binary-expr","locations":[{"start":{"line":12,"column":46},"end":{"line":12,"column":49}},{"start":{"line":12,"column":53},"end":{"line":12,"column":67}}],"line":12},"2":{"loc":{"start":{"line":21,"column":0},"end":{"line":38,"column":1}},"type":"if","locations":[{"start":{"line":21,"column":0},"end":{"line":38,"column":1}},{"start":{"line":21,"column":0},"end":{"line":38,"column":1}}],"line":21},"3":{"loc":{"start":{"line":26,"column":7},"end":{"line":38,"column":1}},"type":"if","locations":[{"start":{"line":26,"column":7},"end":{"line":38,"column":1}},{"start":{"line":26,"column":7},"end":{"line":38,"column":1}}],"line":26},"4":{"loc":{"start":{"line":40,"column":0},"end":{"line":47,"column":1}},"type":"if","locations":[{"start":{"line":40,"column":0},"end":{"line":47,"column":1}},{"start":{"line":40,"column":0},"end":{"line":47,"column":1}}],"line":40}},"s":{"0":1,"1":1,"2":1,"3":1,"4":1,"5":1,"6":1,"7":1,"8":1,"9":1,"10":0,"11":1,"12":0,"13":1,"14":1,"15":0,"16":0,"17":1,"18":5,"19":1,"20":1},"f":{"0":1,"1":5},"b":{"0":[0,1],"1":[1,1],"2":[0,1],"3":[0,1],"4":[0,1]},"_coverageSchema":"43e27e138ebf9cfc5966b082cf9a028302ed4184","hash":"e05da2bffdfbe19f8ddb8a7114accef4140b6315","contentHash":"f72ff354987bcabcf1e69237bde917e89e6cee3b4f165a36227cd8371ca7302a"},"C:\\Users\\User\\Desktop\\team-work\\backend\\controllers\\category.js":{"path":"C:\\Users\\User\\Desktop\\team-work\\backend\\controllers\\category.js","statementMap":{"0":{"start":{"line":3,"column":0},"end":{"line":5,"column":3}},"1":{"start":{"line":6,"column":0},"end":{"line":6,"column":28}},"2":{"start":{"line":8,"column":10},"end":{"line":8,"column":57}},"3":{"start":{"line":10,"column":16},"end":{"line":10,"column":74}},"4":{"start":{"line":12,"column":39},"end":{"line":12,"column":95}},"5":{"start":{"line":14,"column":50},"end":{"line":14,"column":151}},"6":{"start":{"line":14,"column":92},"end":{"line":14,"column":149}},"7":{"start":{"line":16,"column":44},"end":{"line":16,"column":315}},"8":{"start":{"line":16,"column":57},"end":{"line":16,"column":58}},"9":{"start":{"line":16,"column":102},"end":{"line":16,"column":110}},"10":{"start":{"line":16,"column":112},"end":{"line":16,"column":167}},"11":{"start":{"line":16,"column":168},"end":{"line":16,"column":199}},"12":{"start":{"line":16,"column":200},"end":{"line":16,"column":254}},"13":{"start":{"line":16,"column":227},"end":{"line":16,"column":254}},"14":{"start":{"line":16,"column":255},"end":{"line":16,"column":313}},"15":{"start":{"line":18,"column":62},"end":{"line":18,"column":131}},"16":{"start":{"line":18,"column":78},"end":{"line":18,"column":131}},"17":{"start":{"line":18,"column":132},"end":{"line":18,"column":193}},"18":{"start":{"line":18,"column":149},"end":{"line":18,"column":193}},"19":{"start":{"line":18,"column":194},"end":{"line":18,"column":213}},"20":{"start":{"line":20,"column":12},"end":{"line":20,"column":22}},"21":{"start":{"line":21,"column":11},"end":{"line":21,"column":105}},"22":{"start":{"line":22,"column":11},"end":{"line":22,"column":102}},"23":{"start":{"line":23,"column":15},"end":{"line":23,"column":48}},"24":{"start":{"line":27,"column":0},"end":{"line":304,"column":3}},"25":{"start":{"line":29,"column":4},"end":{"line":29,"column":36}},"26":{"start":{"line":32,"column":2},"end":{"line":301,"column":6}},"27":{"start":{"line":35,"column":6},"end":{"line":35,"column":46}},"28":{"start":{"line":41,"column":6},"end":{"line":107,"column":32}},"29":{"start":{"line":42,"column":8},"end":{"line":106,"column":9}},"30":{"start":{"line":43,"column":10},"end":{"line":105,"column":11}},"31":{"start":{"line":45,"column":14},"end":{"line":45,"column":32}},"32":{"start":{"line":46,"column":14},"end":{"line":46,"column":51}},"33":{"start":{"line":47,"column":14},"end":{"line":47,"column":63}},"34":{"start":{"line":49,"column":14},"end":{"line":52,"column":15}},"35":{"start":{"line":50,"column":16},"end":{"line":50,"column":34}},"36":{"start":{"line":51,"column":16},"end":{"line":51,"column":22}},"37":{"start":{"line":54,"column":14},"end":{"line":57,"column":18}},"38":{"start":{"line":60,"column":14},"end":{"line":60,"column":32}},"39":{"start":{"line":61,"column":14},"end":{"line":61,"column":112}},"40":{"start":{"line":64,"column":14},"end":{"line":64,"column":34}},"41":{"start":{"line":66,"column":14},"end":{"line":69,"column":15}},"42":{"start":{"line":67,"column":16},"end":{"line":67,"column":35}},"43":{"start":{"line":68,"column":16},"end":{"line":68,"column":22}},"44":{"start":{"line":71,"column":14},"end":{"line":74,"column":18}},"45":{"start":{"line":77,"column":14},"end":{"line":77,"column":33}},"46":{"start":{"line":78,"column":14},"end":{"line":78,"column":159}},"47":{"start":{"line":81,"column":14},"end":{"line":81,"column":35}},"48":{"start":{"line":82,"column":14},"end":{"line":89,"column":18}},"49":{"start":{"line":92,"column":14},"end":{"line":92,"column":33}},"50":{"start":{"line":93,"column":14},"end":{"line":93,"column":49}},"51":{"start":{"line":94,"column":14},"end":{"line":97,"column":18}},"52":{"start":{"line":104,"column":14},"end":{"line":104,"column":37}},"53":{"start":{"line":113,"column":6},"end":{"line":153,"column":32}},"54":{"start":{"line":114,"column":8},"end":{"line":152,"column":9}},"55":{"start":{"line":115,"column":10},"end":{"line":151,"column":11}},"56":{"start":{"line":117,"column":14},"end":{"line":117,"column":33}},"57":{"start":{"line":118,"column":14},"end":{"line":118,"column":49}},"58":{"start":{"line":119,"column":14},"end":{"line":119,"column":38}},"59":{"start":{"line":120,"column":14},"end":{"line":120,"column":51}},"60":{"start":{"line":121,"column":14},"end":{"line":121,"column":40}},"61":{"start":{"line":123,"column":14},"end":{"line":123,"column":33}},"62":{"start":{"line":124,"column":14},"end":{"line":124,"column":159}},"63":{"start":{"line":127,"column":14},"end":{"line":127,"column":38}},"64":{"start":{"line":128,"column":14},"end":{"line":128,"column":34}},"65":{"start":{"line":129,"column":14},"end":{"line":135,"column":18}},"66":{"start":{"line":138,"column":14},"end":{"line":138,"column":34}},"67":{"start":{"line":139,"column":14},"end":{"line":139,"column":51}},"68":{"start":{"line":140,"column":14},"end":{"line":143,"column":18}},"69":{"start":{"line":150,"column":14},"end":{"line":150,"column":38}},"70":{"start":{"line":159,"column":6},"end":{"line":190,"column":31}},"71":{"start":{"line":160,"column":8},"end":{"line":189,"column":9}},"72":{"start":{"line":161,"column":10},"end":{"line":188,"column":11}},"73":{"start":{"line":163,"column":14},"end":{"line":163,"column":33}},"74":{"start":{"line":164,"column":14},"end":{"line":164,"column":33}},"75":{"start":{"line":165,"column":14},"end":{"line":165,"column":76}},"76":{"start":{"line":168,"column":14},"end":{"line":168,"column":36}},"77":{"start":{"line":169,"column":14},"end":{"line":172,"column":18}},"78":{"start":{"line":175,"column":14},"end":{"line":175,"column":33}},"79":{"start":{"line":176,"column":14},"end":{"line":176,"column":51}},"80":{"start":{"line":177,"column":14},"end":{"line":180,"column":18}},"81":{"start":{"line":187,"column":14},"end":{"line":187,"column":38}},"82":{"start":{"line":196,"column":6},"end":{"line":243,"column":32}},"83":{"start":{"line":197,"column":8},"end":{"line":242,"column":9}},"84":{"start":{"line":198,"column":10},"end":{"line":241,"column":11}},"85":{"start":{"line":200,"column":14},"end":{"line":200,"column":33}},"86":{"start":{"line":201,"column":14},"end":{"line":201,"column":49}},"87":{"start":{"line":202,"column":14},"end":{"line":202,"column":33}},"88":{"start":{"line":203,"column":14},"end":{"line":203,"column":108}},"89":{"start":{"line":206,"column":14},"end":{"line":206,"column":36}},"90":{"start":{"line":208,"column":14},"end":{"line":211,"column":15}},"91":{"start":{"line":209,"column":16},"end":{"line":209,"column":35}},"92":{"start":{"line":210,"column":16},"end":{"line":210,"column":22}},"93":{"start":{"line":213,"column":14},"end":{"line":216,"column":18}},"94":{"start":{"line":219,"column":14},"end":{"line":225,"column":18}},"95":{"start":{"line":228,"column":14},"end":{"line":228,"column":34}},"96":{"start":{"line":229,"column":14},"end":{"line":229,"column":51}},"97":{"start":{"line":230,"column":14},"end":{"line":233,"column":18}},"98":{"start":{"line":240,"column":14},"end":{"line":240,"column":38}},"99":{"start":{"line":249,"column":6},"end":{"line":299,"column":32}},"100":{"start":{"line":250,"column":8},"end":{"line":298,"column":9}},"101":{"start":{"line":251,"column":10},"end":{"line":297,"column":11}},"102":{"start":{"line":253,"column":14},"end":{"line":253,"column":33}},"103":{"start":{"line":254,"column":14},"end":{"line":254,"column":49}},"104":{"start":{"line":255,"column":14},"end":{"line":255,"column":33}},"105":{"start":{"line":256,"column":14},"end":{"line":256,"column":108}},"106":{"start":{"line":259,"column":14},"end":{"line":259,"column":36}},"107":{"start":{"line":261,"column":14},"end":{"line":264,"column":15}},"108":{"start":{"line":262,"column":16},"end":{"line":262,"column":35}},"109":{"start":{"line":263,"column":16},"end":{"line":263,"column":22}},"110":{"start":{"line":266,"column":14},"end":{"line":269,"column":18}},"111":{"start":{"line":272,"column":14},"end":{"line":272,"column":38}},"112":{"start":{"line":273,"column":14},"end":{"line":273,"column":34}},"113":{"start":{"line":274,"column":14},"end":{"line":274,"column":106}},"114":{"start":{"line":277,"column":14},"end":{"line":277,"column":35}},"115":{"start":{"line":278,"column":14},"end":{"line":281,"column":18}},"116":{"start":{"line":284,"column":14},"end":{"line":284,"column":34}},"117":{"start":{"line":285,"column":14},"end":{"line":285,"column":51}},"118":{"start":{"line":286,"column":14},"end":{"line":289,"column":18}},"119":{"start":{"line":296,"column":14},"end":{"line":296,"column":38}},"120":{"start":{"line":303,"column":2},"end":{"line":303,"column":18}},"121":{"start":{"line":306,"column":15},"end":{"line":306,"column":23}},"122":{"start":{"line":307,"column":0},"end":{"line":307,"column":30}}},"fnMap":{"0":{"name":"_interopRequireDefault","decl":{"start":{"line":12,"column":9},"end":{"line":12,"column":31}},"loc":{"start":{"line":12,"column":37},"end":{"line":12,"column":97}},"line":12},"1":{"name":"_classCallCheck","decl":{"start":{"line":14,"column":9},"end":{"line":14,"column":24}},"loc":{"start":{"line":14,"column":48},"end":{"line":14,"column":153}},"line":14},"2":{"name":"_defineProperties","decl":{"start":{"line":16,"column":9},"end":{"line":16,"column":26}},"loc":{"start":{"line":16,"column":42},"end":{"line":16,"column":317}},"line":16},"3":{"name":"_createClass","decl":{"start":{"line":18,"column":9},"end":{"line":18,"column":21}},"loc":{"start":{"line":18,"column":60},"end":{"line":18,"column":215}},"line":18},"4":{"name":"(anonymous_4)","decl":{"start":{"line":27,"column":0},"end":{"line":27,"column":1}},"loc":{"start":{"line":27,"column":12},"end":{"line":304,"column":1}},"line":27},"5":{"name":"Category","decl":{"start":{"line":28,"column":11},"end":{"line":28,"column":19}},"loc":{"start":{"line":28,"column":22},"end":{"line":30,"column":3}},"line":28},"6":{"name":"model","decl":{"start":{"line":34,"column":20},"end":{"line":34,"column":25}},"loc":{"start":{"line":34,"column":28},"end":{"line":36,"column":5}},"line":34},"7":{"name":"createCat","decl":{"start":{"line":39,"column":20},"end":{"line":39,"column":29}},"loc":{"start":{"line":39,"column":40},"end":{"line":108,"column":5}},"line":39},"8":{"name":"createCat$","decl":{"start":{"line":41,"column":47},"end":{"line":41,"column":57}},"loc":{"start":{"line":41,"column":68},"end":{"line":107,"column":7}},"line":41},"9":{"name":"updateCat","decl":{"start":{"line":111,"column":20},"end":{"line":111,"column":29}},"loc":{"start":{"line":111,"column":40},"end":{"line":154,"column":5}},"line":111},"10":{"name":"updateCat$","decl":{"start":{"line":113,"column":47},"end":{"line":113,"column":57}},"loc":{"start":{"line":113,"column":69},"end":{"line":153,"column":7}},"line":113},"11":{"name":"getAllCat","decl":{"start":{"line":157,"column":20},"end":{"line":157,"column":29}},"loc":{"start":{"line":157,"column":40},"end":{"line":191,"column":5}},"line":157},"12":{"name":"getAllCat$","decl":{"start":{"line":159,"column":47},"end":{"line":159,"column":57}},"loc":{"start":{"line":159,"column":69},"end":{"line":190,"column":7}},"line":159},"13":{"name":"getSingleCat","decl":{"start":{"line":194,"column":20},"end":{"line":194,"column":32}},"loc":{"start":{"line":194,"column":43},"end":{"line":244,"column":5}},"line":194},"14":{"name":"getSingleCat$","decl":{"start":{"line":196,"column":47},"end":{"line":196,"column":60}},"loc":{"start":{"line":196,"column":72},"end":{"line":243,"column":7}},"line":196},"15":{"name":"deleteCat","decl":{"start":{"line":247,"column":20},"end":{"line":247,"column":29}},"loc":{"start":{"line":247,"column":40},"end":{"line":300,"column":5}},"line":247},"16":{"name":"deleteCat$","decl":{"start":{"line":249,"column":47},"end":{"line":249,"column":57}},"loc":{"start":{"line":249,"column":69},"end":{"line":299,"column":7}},"line":249}},"branchMap":{"0":{"loc":{"start":{"line":12,"column":46},"end":{"line":12,"column":94}},"type":"cond-expr","locations":[{"start":{"line":12,"column":70},"end":{"line":12,"column":73}},{"start":{"line":12,"column":76},"end":{"line":12,"column":94}}],"line":12},"1":{"loc":{"start":{"line":12,"column":46},"end":{"line":12,"column":67}},"type":"binary-expr","locations":[{"start":{"line":12,"column":46},"end":{"line":12,"column":49}},{"start":{"line":12,"column":53},"end":{"line":12,"column":67}}],"line":12},"2":{"loc":{"start":{"line":14,"column":50},"end":{"line":14,"column":151}},"type":"if","locations":[{"start":{"line":14,"column":50},"end":{"line":14,"column":151}},{"start":{"line":14,"column":50},"end":{"line":14,"column":151}}],"line":14},"3":{"loc":{"start":{"line":16,"column":136},"end":{"line":16,"column":166}},"type":"binary-expr","locations":[{"start":{"line":16,"column":136},"end":{"line":16,"column":157}},{"start":{"line":16,"column":161},"end":{"line":16,"column":166}}],"line":16},"4":{"loc":{"start":{"line":16,"column":200},"end":{"line":16,"column":254}},"type":"if","locations":[{"start":{"line":16,"column":200},"end":{"line":16,"column":254}},{"start":{"line":16,"column":200},"end":{"line":16,"column":254}}],"line":16},"5":{"loc":{"start":{"line":18,"column":62},"end":{"line":18,"column":131}},"type":"if","locations":[{"start":{"line":18,"column":62},"end":{"line":18,"column":131}},{"start":{"line":18,"column":62},"end":{"line":18,"column":131}}],"line":18},"6":{"loc":{"start":{"line":18,"column":132},"end":{"line":18,"column":193}},"type":"if","locations":[{"start":{"line":18,"column":132},"end":{"line":18,"column":193}},{"start":{"line":18,"column":132},"end":{"line":18,"column":193}}],"line":18},"7":{"loc":{"start":{"line":43,"column":10},"end":{"line":105,"column":11}},"type":"switch","locations":[{"start":{"line":44,"column":12},"end":{"line":57,"column":18}},{"start":{"line":59,"column":12},"end":{"line":61,"column":112}},{"start":{"line":63,"column":12},"end":{"line":74,"column":18}},{"start":{"line":76,"column":12},"end":{"line":78,"column":159}},{"start":{"line":80,"column":12},"end":{"line":89,"column":18}},{"start":{"line":91,"column":12},"end":{"line":97,"column":18}},{"start":{"line":99,"column":12},"end":{"line":100,"column":15}},{"start":{"line":102,"column":12},"end":{"line":102,"column":20}},{"start":{"line":103,"column":12},"end":{"line":104,"column":37}}],"line":43},"8":{"loc":{"start":{"line":49,"column":14},"end":{"line":52,"column":15}},"type":"if","locations":[{"start":{"line":49,"column":14},"end":{"line":52,"column":15}},{"start":{"line":49,"column":14},"end":{"line":52,"column":15}}],"line":49},"9":{"loc":{"start":{"line":66,"column":14},"end":{"line":69,"column":15}},"type":"if","locations":[{"start":{"line":66,"column":14},"end":{"line":69,"column":15}},{"start":{"line":66,"column":14},"end":{"line":69,"column":15}}],"line":66},"10":{"loc":{"start":{"line":115,"column":10},"end":{"line":151,"column":11}},"type":"switch","locations":[{"start":{"line":116,"column":12},"end":{"line":124,"column":159}},{"start":{"line":126,"column":12},"end":{"line":135,"column":18}},{"start":{"line":137,"column":12},"end":{"line":143,"column":18}},{"start":{"line":145,"column":12},"end":{"line":146,"column":15}},{"start":{"line":148,"column":12},"end":{"line":148,"column":20}},{"start":{"line":149,"column":12},"end":{"line":150,"column":38}}],"line":115},"11":{"loc":{"start":{"line":161,"column":10},"end":{"line":188,"column":11}},"type":"switch","locations":[{"start":{"line":162,"column":12},"end":{"line":165,"column":76}},{"start":{"line":167,"column":12},"end":{"line":172,"column":18}},{"start":{"line":174,"column":12},"end":{"line":180,"column":18}},{"start":{"line":182,"column":12},"end":{"line":183,"column":15}},{"start":{"line":185,"column":12},"end":{"line":185,"column":20}},{"start":{"line":186,"column":12},"end":{"line":187,"column":38}}],"line":161},"12":{"loc":{"start":{"line":198,"column":10},"end":{"line":241,"column":11}},"type":"switch","locations":[{"start":{"line":199,"column":12},"end":{"line":203,"column":108}},{"start":{"line":205,"column":12},"end":{"line":216,"column":18}},{"start":{"line":218,"column":12},"end":{"line":225,"column":18}},{"start":{"line":227,"column":12},"end":{"line":233,"column":18}},{"start":{"line":235,"column":12},"end":{"line":236,"column":15}},{"start":{"line":238,"column":12},"end":{"line":238,"column":20}},{"start":{"line":239,"column":12},"end":{"line":240,"column":38}}],"line":198},"13":{"loc":{"start":{"line":208,"column":14},"end":{"line":211,"column":15}},"type":"if","locations":[{"start":{"line":208,"column":14},"end":{"line":211,"column":15}},{"start":{"line":208,"column":14},"end":{"line":211,"column":15}}],"line":208},"14":{"loc":{"start":{"line":251,"column":10},"end":{"line":297,"column":11}},"type":"switch","locations":[{"start":{"line":252,"column":12},"end":{"line":256,"column":108}},{"start":{"line":258,"column":12},"end":{"line":269,"column":18}},{"start":{"line":271,"column":12},"end":{"line":274,"column":106}},{"start":{"line":276,"column":12},"end":{"line":281,"column":18}},{"start":{"line":283,"column":12},"end":{"line":289,"column":18}},{"start":{"line":291,"column":12},"end":{"line":292,"column":15}},{"start":{"line":294,"column":12},"end":{"line":294,"column":20}},{"start":{"line":295,"column":12},"end":{"line":296,"column":38}}],"line":251},"15":{"loc":{"start":{"line":261,"column":14},"end":{"line":264,"column":15}},"type":"if","locations":[{"start":{"line":261,"column":14},"end":{"line":264,"column":15}},{"start":{"line":261,"column":14},"end":{"line":264,"column":15}}],"line":261}},"s":{"0":1,"1":1,"2":1,"3":1,"4":2,"5":0,"6":0,"7":1,"8":1,"9":6,"10":6,"11":6,"12":6,"13":6,"14":6,"15":1,"16":0,"17":1,"18":1,"19":1,"20":1,"21":1,"22":1,"23":1,"24":1,"25":0,"26":1,"27":8,"28":2,"29":7,"30":10,"31":2,"32":2,"33":2,"34":2,"35":2,"36":2,"37":0,"38":2,"39":2,"40":2,"41":2,"42":1,"43":1,"44":1,"45":1,"46":1,"47":1,"48":1,"49":0,"50":0,"51":0,"52":2,"53":1,"54":3,"55":3,"56":1,"57":1,"58":1,"59":1,"60":1,"61":1,"62":1,"63":1,"64":1,"65":1,"66":0,"67":0,"68":0,"69":1,"70":1,"71":3,"72":3,"73":1,"74":1,"75":1,"76":1,"77":1,"78":0,"79":0,"80":0,"81":1,"82":1,"83":3,"84":4,"85":1,"86":1,"87":1,"88":1,"89":1,"90":1,"91":1,"92":1,"93":0,"94":1,"95":0,"96":0,"97":0,"98":1,"99":1,"100":4,"101":5,"102":1,"103":1,"104":1,"105":1,"106":1,"107":1,"108":1,"109":1,"110":0,"111":1,"112":1,"113":1,"114":1,"115":1,"116":0,"117":0,"118":0,"119":1,"120":1,"121":1,"122":1},"f":{"0":2,"1":0,"2":1,"3":1,"4":1,"5":0,"6":8,"7":2,"8":7,"9":1,"10":3,"11":1,"12":3,"13":1,"14":3,"15":1,"16":4},"b":{"0":[1,1],"1":[2,2],"2":[0,0],"3":[6,6],"4":[6,0],"5":[0,1],"6":[1,0],"7":[2,2,2,1,1,0,0,0,2],"8":[2,0],"9":[1,1],"10":[1,1,0,0,0,1],"11":[1,1,0,0,0,1],"12":[1,1,1,0,0,0,1],"13":[1,0],"14":[1,1,1,1,0,0,0,1],"15":[1,0]},"_coverageSchema":"43e27e138ebf9cfc5966b082cf9a028302ed4184","hash":"a2691badc0e766e8346ceaa5d0431386de106892","contentHash":"1222cf04339f947f61ea06f20653c87afe24fc91bda8c61b3561e11f00e738bc"},"C:\\Users\\User\\Desktop\\team-work\\backend\\middlewares\\identity.js":{"path":"C:\\Users\\User\\Desktop\\team-work\\backend\\middlewares\\identity.js","statementMap":{"0":{"start":{"line":3,"column":23},"end":{"line":5,"column":1}},"1":{"start":{"line":4,"column":2},"end":{"line":4,"column":53}},"2":{"start":{"line":7,"column":0},"end":{"line":7,"column":34}}},"fnMap":{"0":{"name":"generateRandomId","decl":{"start":{"line":3,"column":32},"end":{"line":3,"column":48}},"loc":{"start":{"line":3,"column":54},"end":{"line":5,"column":1}},"line":3}},"branchMap":{},"s":{"0":1,"1":9,"2":1},"f":{"0":9},"b":{},"_coverageSchema":"43e27e138ebf9cfc5966b082cf9a028302ed4184","hash":"22a34a821608aba9d8656c3aed2013cd9a047d8e","contentHash":"a9d9eeb6b6787f3dcc0964939471d20b2bcfbca6790664ff6a9090d25178e0b8"},"C:\\Users\\User\\Desktop\\team-work\\backend\\controllers\\admin.js":{"path":"C:\\Users\\User\\Desktop\\team-work\\backend\\controllers\\admin.js","statementMap":{"0":{"start":{"line":3,"column":0},"end":{"line":5,"column":3}},"1":{"start":{"line":6,"column":0},"end":{"line":6,"column":28}},"2":{"start":{"line":8,"column":13},"end":{"line":8,"column":40}},"3":{"start":{"line":10,"column":10},"end":{"line":10,"column":57}},"4":{"start":{"line":12,"column":18},"end":{"line":12,"column":63}},"5":{"start":{"line":14,"column":16},"end":{"line":14,"column":70}},"6":{"start":{"line":16,"column":39},"end":{"line":16,"column":95}},"7":{"start":{"line":18,"column":44},"end":{"line":18,"column":195}},"8":{"start":{"line":18,"column":62},"end":{"line":18,"column":166}},"9":{"start":{"line":18,"column":176},"end":{"line":18,"column":193}},"10":{"start":{"line":18,"column":196},"end":{"line":18,"column":207}},"11":{"start":{"line":20,"column":50},"end":{"line":20,"column":151}},"12":{"start":{"line":20,"column":92},"end":{"line":20,"column":149}},"13":{"start":{"line":22,"column":44},"end":{"line":22,"column":315}},"14":{"start":{"line":22,"column":57},"end":{"line":22,"column":58}},"15":{"start":{"line":22,"column":102},"end":{"line":22,"column":110}},"16":{"start":{"line":22,"column":112},"end":{"line":22,"column":167}},"17":{"start":{"line":22,"column":168},"end":{"line":22,"column":199}},"18":{"start":{"line":22,"column":200},"end":{"line":22,"column":254}},"19":{"start":{"line":22,"column":227},"end":{"line":22,"column":254}},"20":{"start":{"line":22,"column":255},"end":{"line":22,"column":313}},"21":{"start":{"line":24,"column":62},"end":{"line":24,"column":131}},"22":{"start":{"line":24,"column":78},"end":{"line":24,"column":131}},"23":{"start":{"line":24,"column":132},"end":{"line":24,"column":193}},"24":{"start":{"line":24,"column":149},"end":{"line":24,"column":193}},"25":{"start":{"line":24,"column":194},"end":{"line":24,"column":213}},"26":{"start":{"line":26,"column":0},"end":{"line":30,"column":3}},"27":{"start":{"line":34,"column":0},"end":{"line":278,"column":3}},"28":{"start":{"line":36,"column":4},"end":{"line":36,"column":32}},"29":{"start":{"line":39,"column":2},"end":{"line":275,"column":6}},"30":{"start":{"line":42,"column":6},"end":{"line":42,"column":41}},"31":{"start":{"line":49,"column":6},"end":{"line":93,"column":32}},"32":{"start":{"line":50,"column":8},"end":{"line":92,"column":9}},"33":{"start":{"line":51,"column":10},"end":{"line":91,"column":11}},"34":{"start":{"line":53,"column":14},"end":{"line":53,"column":32}},"35":{"start":{"line":54,"column":14},"end":{"line":54,"column":281}},"36":{"start":{"line":55,"column":14},"end":{"line":55,"column":43}},"37":{"start":{"line":56,"column":14},"end":{"line":59,"column":40}},"38":{"start":{"line":60,"column":14},"end":{"line":60,"column":69}},"39":{"start":{"line":61,"column":14},"end":{"line":61,"column":32}},"40":{"start":{"line":62,"column":14},"end":{"line":62,"column":384}},"41":{"start":{"line":65,"column":14},"end":{"line":65,"column":35}},"42":{"start":{"line":66,"column":14},"end":{"line":78,"column":18}},"43":{"start":{"line":81,"column":14},"end":{"line":81,"column":33}},"44":{"start":{"line":82,"column":14},"end":{"line":82,"column":49}},"45":{"start":{"line":83,"column":14},"end":{"line":86,"column":18}},"46":{"start":{"line":90,"column":14},"end":{"line":90,"column":37}},"47":{"start":{"line":100,"column":6},"end":{"line":159,"column":32}},"48":{"start":{"line":101,"column":8},"end":{"line":158,"column":9}},"49":{"start":{"line":102,"column":10},"end":{"line":157,"column":11}},"50":{"start":{"line":104,"column":14},"end":{"line":104,"column":33}},"51":{"start":{"line":105,"column":14},"end":{"line":105,"column":94}},"52":{"start":{"line":106,"column":14},"end":{"line":106,"column":33}},"53":{"start":{"line":107,"column":14},"end":{"line":107,"column":33}},"54":{"start":{"line":108,"column":14},"end":{"line":108,"column":93}},"55":{"start":{"line":111,"column":14},"end":{"line":111,"column":42}},"56":{"start":{"line":113,"column":14},"end":{"line":116,"column":15}},"57":{"start":{"line":114,"column":16},"end":{"line":114,"column":36}},"58":{"start":{"line":115,"column":16},"end":{"line":115,"column":22}},"59":{"start":{"line":118,"column":14},"end":{"line":118,"column":47}},"60":{"start":{"line":119,"column":14},"end":{"line":119,"column":40}},"61":{"start":{"line":120,"column":14},"end":{"line":120,"column":51}},"62":{"start":{"line":121,"column":14},"end":{"line":121,"column":49}},"63":{"start":{"line":122,"column":14},"end":{"line":126,"column":17}},"64":{"start":{"line":127,"column":14},"end":{"line":137,"column":18}},"65":{"start":{"line":140,"column":14},"end":{"line":144,"column":18}},"66":{"start":{"line":147,"column":14},"end":{"line":147,"column":34}},"67":{"start":{"line":148,"column":14},"end":{"line":148,"column":51}},"68":{"start":{"line":149,"column":14},"end":{"line":152,"column":18}},"69":{"start":{"line":156,"column":14},"end":{"line":156,"column":38}},"70":{"start":{"line":165,"column":6},"end":{"line":223,"column":32}},"71":{"start":{"line":166,"column":8},"end":{"line":222,"column":9}},"72":{"start":{"line":167,"column":10},"end":{"line":221,"column":11}},"73":{"start":{"line":169,"column":14},"end":{"line":169,"column":33}},"74":{"start":{"line":170,"column":14},"end":{"line":170,"column":37}},"75":{"start":{"line":171,"column":14},"end":{"line":171,"column":32}},"76":{"start":{"line":172,"column":14},"end":{"line":172,"column":39}},"77":{"start":{"line":173,"column":14},"end":{"line":173,"column":33}},"78":{"start":{"line":174,"column":14},"end":{"line":174,"column":91}},"79":{"start":{"line":177,"column":14},"end":{"line":177,"column":36}},"80":{"start":{"line":179,"column":14},"end":{"line":182,"column":15}},"81":{"start":{"line":180,"column":16},"end":{"line":180,"column":35}},"82":{"start":{"line":181,"column":16},"end":{"line":181,"column":22}},"83":{"start":{"line":184,"column":14},"end":{"line":186,"column":18}},"84":{"start":{"line":189,"column":14},"end":{"line":189,"column":34}},"85":{"start":{"line":190,"column":14},"end":{"line":190,"column":108}},"86":{"start":{"line":193,"column":14},"end":{"line":193,"column":42}},"87":{"start":{"line":194,"column":14},"end":{"line":194,"column":48}},"88":{"start":{"line":195,"column":14},"end":{"line":195,"column":34}},"89":{"start":{"line":196,"column":14},"end":{"line":196,"column":135}},"90":{"start":{"line":199,"column":14},"end":{"line":199,"column":36}},"91":{"start":{"line":200,"column":14},"end":{"line":205,"column":18}},"92":{"start":{"line":208,"column":14},"end":{"line":208,"column":34}},"93":{"start":{"line":209,"column":14},"end":{"line":209,"column":51}},"94":{"start":{"line":210,"column":14},"end":{"line":213,"column":18}},"95":{"start":{"line":220,"column":14},"end":{"line":220,"column":38}},"96":{"start":{"line":229,"column":6},"end":{"line":273,"column":32}},"97":{"start":{"line":230,"column":8},"end":{"line":272,"column":9}},"98":{"start":{"line":231,"column":10},"end":{"line":271,"column":11}},"99":{"start":{"line":233,"column":14},"end":{"line":233,"column":33}},"100":{"start":{"line":234,"column":14},"end":{"line":234,"column":39}},"101":{"start":{"line":235,"column":14},"end":{"line":235,"column":31}},"102":{"start":{"line":236,"column":14},"end":{"line":236,"column":33}},"103":{"start":{"line":237,"column":14},"end":{"line":237,"column":91}},"104":{"start":{"line":240,"column":14},"end":{"line":240,"column":36}},"105":{"start":{"line":241,"column":14},"end":{"line":241,"column":36}},"106":{"start":{"line":242,"column":14},"end":{"line":242,"column":41}},"107":{"start":{"line":243,"column":14},"end":{"line":247,"column":17}},"108":{"start":{"line":248,"column":14},"end":{"line":258,"column":18}},"109":{"start":{"line":261,"column":14},"end":{"line":261,"column":34}},"110":{"start":{"line":262,"column":14},"end":{"line":262,"column":51}},"111":{"start":{"line":263,"column":14},"end":{"line":266,"column":18}},"112":{"start":{"line":270,"column":14},"end":{"line":270,"column":38}},"113":{"start":{"line":277,"column":2},"end":{"line":277,"column":14}},"114":{"start":{"line":280,"column":15},"end":{"line":280,"column":19}},"115":{"start":{"line":281,"column":0},"end":{"line":281,"column":30}}},"fnMap":{"0":{"name":"_interopRequireDefault","decl":{"start":{"line":16,"column":9},"end":{"line":16,"column":31}},"loc":{"start":{"line":16,"column":37},"end":{"line":16,"column":97}},"line":16},"1":{"name":"_defineProperty","decl":{"start":{"line":18,"column":9},"end":{"line":18,"column":24}},"loc":{"start":{"line":18,"column":42},"end":{"line":18,"column":209}},"line":18},"2":{"name":"_classCallCheck","decl":{"start":{"line":20,"column":9},"end":{"line":20,"column":24}},"loc":{"start":{"line":20,"column":48},"end":{"line":20,"column":153}},"line":20},"3":{"name":"_defineProperties","decl":{"start":{"line":22,"column":9},"end":{"line":22,"column":26}},"loc":{"start":{"line":22,"column":42},"end":{"line":22,"column":317}},"line":22},"4":{"name":"_createClass","decl":{"start":{"line":24,"column":9},"end":{"line":24,"column":21}},"loc":{"start":{"line":24,"column":60},"end":{"line":24,"column":215}},"line":24},"5":{"name":"(anonymous_5)","decl":{"start":{"line":34,"column":0},"end":{"line":34,"column":1}},"loc":{"start":{"line":34,"column":12},"end":{"line":278,"column":1}},"line":34},"6":{"name":"User","decl":{"start":{"line":35,"column":11},"end":{"line":35,"column":15}},"loc":{"start":{"line":35,"column":18},"end":{"line":37,"column":3}},"line":35},"7":{"name":"model","decl":{"sta
[...]
,"column":17}},"136":{"start":{"line":252,"column":4},"end":{"line":261,"column":7}},"137":{"start":{"line":253,"column":6},"end":{"line":260,"column":9}},"138":{"start":{"line":254,"column":8},"end":{"line":259,"column":11}},"139":{"start":{"line":255,"column":10},"end":{"line":255,"column":46}},"140":{"start":{"line":256,"column":10},"end":{"line":256,"column":52}},"141":{"start":{"line":257,"column":10},"end":{"line":257,"column":94}},"142":{"start":{"line":258,"column":10},"end":{"line":258,"column":17}},"143":{"start":{"line":263,"column":4},"end":{"line":271,"column":7}},"144":{"start":{"line":264,"column":6},"end":{"line":270,"column":9}},"145":{"start":{"line":265,"column":8},"end":{"line":269,"column":11}},"146":{"start":{"line":266,"column":10},"end":{"line":266,"column":46}},"147":{"start":{"line":267,"column":10},"end":{"line":267,"column":54}},"148":{"start":{"line":268,"column":10},"end":{"line":268,"column":17}},"149":{"start":{"line":273,"column":4},"end":{"line":286,"column":7}},"150":{"start":{"line":274,"column":6},"end":{"line":285,"column":9}},"151":{"start":{"line":275,"column":8},"end":{"line":284,"column":11}},"152":{"start":{"line":279,"column":10},"end":{"line":279,"column":39}},"153":{"start":{"line":280,"column":10},"end":{"line":280,"column":46}},"154":{"start":{"line":281,"column":10},"end":{"line":281,"column":54}},"155":{"start":{"line":282,"column":10},"end":{"line":282,"column":58}},"156":{"start":{"line":283,"column":10},"end":{"line":283,"column":17}},"157":{"start":{"line":287,"column":4},"end":{"line":297,"column":7}},"158":{"start":{"line":288,"column":6},"end":{"line":296,"column":9}},"159":{"start":{"line":289,"column":8},"end":{"line":295,"column":11}},"160":{"start":{"line":292,"column":10},"end":{"line":292,"column":46}},"161":{"start":{"line":293,"column":10},"end":{"line":293,"column":67}},"162":{"start":{"line":294,"column":10},"end":{"line":294,"column":17}},"163":{"start":{"line":299,"column":4},"end":{"line":307,"column":7}},"164":{"start":{"line":300,"column":6},"end":{"line":306,"column":9}},"165":{"start":{"line":301,"column":8},"end":{"line":305,"column":11}},"166":{"start":{"line":302,"column":10},"end":{"line":302,"column":54}},"167":{"start":{"line":303,"column":10},"end":{"line":303,"column":58}},"168":{"start":{"line":304,"column":10},"end":{"line":304,"column":17}},"169":{"start":{"line":309,"column":4},"end":{"line":317,"column":7}},"170":{"start":{"line":310,"column":6},"end":{"line":316,"column":9}},"171":{"start":{"line":311,"column":8},"end":{"line":315,"column":11}},"172":{"start":{"line":312,"column":10},"end":{"line":312,"column":54}},"173":{"start":{"line":313,"column":10},"end":{"line":313,"column":77}},"174":{"start":{"line":314,"column":10},"end":{"line":314,"column":17}}},"fnMap":{"0":{"name":"_interopRequireDefault","decl":{"start":{"line":13,"column":9},"end":{"line":13,"column":31}},"loc":{"start":{"line":13,"column":37},"end":{"line":13,"column":97}},"line":13},"1":{"name":"(anonymous_1)","decl":{"start":{"line":22,"column":45},"end":{"line":22,"column":46}},"loc":{"start":{"line":22,"column":57},"end":{"line":319,"column":1}},"line":22},"2":{"name":"(anonymous_2)","decl":{"start":{"line":23,"column":13},"end":{"line":23,"column":14}},"loc":{"start":{"line":23,"column":29},"end":{"line":25,"column":3}},"line":23},"3":{"name":"(anonymous_3)","decl":{"start":{"line":26,"column":54},"end":{"line":26,"column":55}},"loc":{"start":{"line":26,"column":66},"end":{"line":318,"column":3}},"line":26},"4":{"name":"(anonymous_4)","decl":{"start":{"line":27,"column":31},"end":{"line":27,"column":32}},"loc":{"start":{"line":27,"column":47},"end":{"line":35,"column":5}},"line":27},"5":{"name":"(anonymous_5)","decl":{"start":{"line":31,"column":13},"end":{"line":31,"column":14}},"loc":{"start":{"line":31,"column":33},"end":{"line":34,"column":7}},"line":31},"6":{"name":"(anonymous_6)","decl":{"start":{"line":36,"column":47},"end":{"line":36,"column":48}},"loc":{"start":{"line":36,"column":63},"end":{"line":49,"column":5}},"line":36},"7":{"name":"(anonymous_7)","decl":{"start":{"line":40,"column":50},"end":{"line":40,"column":51}},"loc":{"start":{"line":40,"column":70},"end":{"line":48,"column":7}},"line":40},"8":{"name":"(anonymous_8)","decl":{"start":{"line":51,"column":53},"end":{"line":51,"column":54}},"loc":{"start":{"line":51,"column":65},"end":{"line":59,"column":5}},"line":51},"9":{"name":"(anonymous_9)","decl":{"start":{"line":52,"column":54},"end":{"line":52,"column":55}},"loc":{"start":{"line":52,"column":70},"end":{"line":58,"column":7}},"line":52},"10":{"name":"(anonymous_10)","decl":{"start":{"line":53,"column":82},"end":{"line":53,"column":83}},"loc":{"start":{"line":53,"column":102},"end":{"line":57,"column":9}},"line":53},"11":{"name":"(anonymous_11)","decl":{"start":{"line":60,"column":64},"end":{"line":60,"column":65}},"loc":{"start":{"line":60,"column":76},"end":{"line":68,"column":5}},"line":60},"12":{"name":"(anonymous_12)","decl":{"start":{"line":61,"column":45},"end":{"line":61,"column":46}},"loc":{"start":{"line":61,"column":61},"end":{"line":67,"column":7}},"line":61},"13":{"name":"(anonymous_13)","decl":{"start":{"line":62,"column":73},"end":{"line":62,"column":74}},"loc":{"start":{"line":62,"column":93},"end":{"line":66,"column":9}},"line":62},"14":{"name":"(anonymous_14)","decl":{"start":{"line":71,"column":50},"end":{"line":71,"column":51}},"loc":{"start":{"line":71,"column":62},"end":{"line":79,"column":5}},"line":71},"15":{"name":"(anonymous_15)","decl":{"start":{"line":72,"column":45},"end":{"line":72,"column":46}},"loc":{"start":{"line":72,"column":61},"end":{"line":78,"column":7}},"line":72},"16":{"name":"(anonymous_16)","decl":{"start":{"line":73,"column":79},"end":{"line":73,"column":80}},"loc":{"start":{"line":73,"column":99},"end":{"line":77,"column":9}},"line":73},"17":{"name":"(anonymous_17)","decl":{"start":{"line":82,"column":71},"end":{"line":82,"column":72}},"loc":{"start":{"line":82,"column":83},"end":{"line":95,"column":5}},"line":82},"18":{"name":"(anonymous_18)","decl":{"start":{"line":83,"column":50},"end":{"line":83,"column":51}},"loc":{"start":{"line":83,"column":66},"end":{"line":94,"column":7}},"line":83},"19":{"name":"(anonymous_19)","decl":{"start":{"line":87,"column":15},"end":{"line":87,"column":16}},"loc":{"start":{"line":87,"column":35},"end":{"line":93,"column":9}},"line":87},"20":{"name":"(anonymous_20)","decl":{"start":{"line":96,"column":80},"end":{"line":96,"column":81}},"loc":{"start":{"line":96,"column":92},"end":{"line":107,"column":5}},"line":96},"21":{"name":"(anonymous_21)","decl":{"start":{"line":97,"column":69},"end":{"line":97,"column":70}},"loc":{"start":{"line":97,"column":85},"end":{"line":106,"column":7}},"line":97},"22":{"name":"(anonymous_22)","decl":{"start":{"line":100,"column":15},"end":{"line":100,"column":16}},"loc":{"start":{"line":100,"column":35},"end":{"line":105,"column":9}},"line":100},"23":{"name":"(anonymous_23)","decl":{"start":{"line":109,"column":60},"end":{"line":109,"column":61}},"loc":{"start":{"line":109,"column":72},"end":{"line":117,"column":5}},"line":109},"24":{"name":"(anonymous_24)","decl":{"start":{"line":110,"column":43},"end":{"line":110,"column":44}},"loc":{"start":{"line":110,"column":59},"end":{"line":116,"column":7}},"line":110},"25":{"name":"(anonymous_25)","decl":{"start":{"line":111,"column":140},"end":{"line":111,"column":141}},"loc":{"start":{"line":111,"column":160},"end":{"line":115,"column":9}},"line":111},"26":{"name":"(anonymous_26)","decl":{"start":{"line":119,"column":61},"end":{"line":119,"column":62}},"loc":{"start":{"line":119,"column":73},"end":{"line":130,"column":5}},"line":119},"27":{"name":"(anonymous_27)","decl":{"start":{"line":120,"column":56},"end":{"line":120,"column":57}},"loc":{"start":{"line":120,"column":72},"end":{"line":129,"column":7}},"line":120},"28":{"name":"(anonymous_28)","decl":{"start":{"line":123,"column":15},"end":{"line":123,"column":16}},"loc":{"start":{"line":123,"column":35},"end":{"line":128,"column":9}},"line":123},"29":{"name":"(anonymous_29)","decl":{"start":{"line":131,"column":57},"end":{"line":131,"column":58}},"loc":{"start":{"line":131,"column":69},"end":{"line":141,"column":5}},"line":131},"30":{"name":"(anonymous_30)","decl":{"start":{"line":132,"column":56},"end":{"line":132,"column":57}},"loc":{"start":{"line":132,"column":72},"end":{"line":140,"column":7}},"line":132},"31":{"name":"(anonymous_31)","decl":{"start":{"line":135,"column":15},"end":{"line":135,"column":16}},"loc":{"start":{"line":135,"column":35},"end":{"line":139,"column":9}},"line":135},"32":{"name":"(anonymous_32)","decl":{"start":{"line":142,"column":61},"end":{"line":142,"column":62}},"loc":{"start":{"line":142,"column":73},"end":{"line":149,"column":5}},"line":142},"33":{"name":"(anonymous_33)","decl":{"start":{"line":143,"column":46},"end":{"line":143,"column":47}},"loc":{"start":{"line":143,"column":62},"end":{"line":148,"column":7}},"line":143},"34":{"name":"(anonymous_34)","decl":{"start":{"line":144,"column":118},"end":{"line":144,"column":119}},"loc":{"start":{"line":144,"column":138},"end":{"line":147,"column":9}},"line":144},"35":{"name":"(anonymous_35)","decl":{"start":{"line":151,"column":69},"end":{"line":151,"column":70}},"loc":{"start":{"line":151,"column":81},"end":{"line":161,"column":5}},"line":151},"36":{"name":"(anonymous_36)","decl":{"start":{"line":152,"column":44},"end":{"line":152,"column":45}},"loc":{"start":{"line":152,"column":60},"end":{"line":160,"column":7}},"line":152},"37":{"name":"(anonymous_37)","decl":{"start":{"line":155,"column":15},"end":{"line":155,"column":16}},"loc":{"start":{"line":155,"column":35},"end":{"line":159,"column":9}},"line":155},"38":{"name":"(anonymous_38)","decl":{"start":{"line":163,"column":66},"end":{"line":163,"column":67}},"loc":{"start":{"line":163,"column":78},"end":{"line":171,"column":5}},"line":163},"39":{"name":"(anonymous_39)","decl":{"start":{"line":164,"column":53},"end":{"line":164,"column":54}},"loc":{"start":{"line":164,"column":69},"end":{"line":170,"column":7}},"line":164},"40":{"name":"(anonymous_40)","decl":{"start":{"line":165,"column":123},"end":{"line":165,"column":124}},"loc":{"start":{"line":165,"column":143},"end":{"line":169,"column":9}},"line":165},"41":{"name":"(anonymous_41)","decl":{"start":{"line":172,"column":52},"end":{"line":172,"column":53}},"loc":{"start":{"line":172,"column":64},"end":{"line":180,"column":5}},"line":172},"42":{"name":"(anonymous_42)","decl":{"start":{"line":173,"column":53},"end":{"line":173,"column":54}},"loc":{"start":{"line":173,"column":69},"end":{"line":179,"column":7}},"line":173},"43":{"name":"(anonymous_43)","decl":{"start":{"line":174,"column":109},"end":{"line":174,"column":110}},"loc":{"start":{"line":174,"column":129},"end":{"line":178,"column":9}},"line":174},"44":{"name":"(anonymous_44)","decl":{"start":{"line":182,"column":48},"end":{"line":182,"column":49}},"loc":{"start":{"line":182,"column":60},"end":{"line":198,"column":5}},"line":182},"45":{"name":"(anonymous_45)","decl":{"start":{"line":183,"column":54},"end":{"line":183,"column":55}},"loc":{"start":{"line":183,"column":70},"end":{"line":197,"column":7}},"line":183},"46":{"name":"(anonymous_46)","decl":{"start":{"line":189,"column":15},"end":{"line":189,"column":16}},"loc":{"start":{"line":189,"column":35},"end":{"line":196,"column":9}},"line":189},"47":{"name":"(anonymous_47)","decl":{"start":{"line":200,"column":48},"end":{"line":200,"column":49}},"loc":{"start":{"line":200,"column":60},"end":{"line":212,"column":5}},"line":200},"48":{"name":"(anonymous_48)","decl":{"start":{"line":201,"column":34},"end":{"line":201,"column":35}},"loc":{"start":{"line":201,"column":50},"end":{"line":211,"column":7}},"line":201},"49":{"name":"(anonymous_49)","decl":{"start":{"line":205,"column":15},"end":{"line":205,"column":16}},"loc":{"start":{"line":205,"column":35},"end":{"line":210,"column":9}},"line":205},"50":{"name":"(anonymous_50)","decl":{"start":{"line":214,"column":48},"end":{"line":214,"column":49}},"loc":{"start":{"line":214,"column":60},"end":{"line":226,"column":5}},"line":214},"51":{"name":"(anonymous_51)","decl":{"start":{"line":215,"column":35},"end":{"line":215,"column":36}},"loc":{"start":{"line":215,"column":51},"end":{"line":225,"column":7}},"line":215},"52":{"name":"(anonymous_52)","decl":{"start":{"line":219,"column":15},"end":{"line":219,"column":16}},"loc":{"start":{"line":219,"column":35},"end":{"line":224,"column":9}},"line":219},"53":{"name":"(anonymous_53)","decl":{"start":{"line":228,"column":49},"end":{"line":228,"column":50}},"loc":{"start":{"line":228,"column":61},"end":{"line":240,"column":5}},"line":228},"54":{"name":"(anonymous_54)","decl":{"start":{"line":229,"column":41},"end":{"line":229,"column":42}},"loc":{"start":{"line":229,"column":57},"end":{"line":239,"column":7}},"line":229},"55":{"name":"(anonymous_55)","decl":{"start":{"line":233,"column":15},"end":{"line":233,"column":16}},"loc":{"start":{"line":233,"column":35},"end":{"line":238,"column":9}},"line":233},"56":{"name":"(anonymous_56)","decl":{"start":{"line":242,"column":41},"end":{"line":242,"column":42}},"loc":{"start":{"line":242,"column":53},"end":{"line":250,"column":5}},"line":242},"57":{"name":"(anonymous_57)","decl":{"start":{"line":243,"column":38},"end":{"line":243,"column":39}},"loc":{"start":{"line":243,"column":54},"end":{"line":249,"column":7}},"line":243},"58":{"name":"(anonymous_58)","decl":{"start":{"line":244,"column":127},"end":{"line":244,"column":128}},"loc":{"start":{"line":244,"column":147},"end":{"line":248,"column":9}},"line":244},"59":{"name":"(anonymous_59)","decl":{"start":{"line":252,"column":55},"end":{"line":252,"column":56}},"loc":{"start":{"line":252,"column":67},"end":{"line":261,"column":5}},"line":252},"60":{"name":"(anonymous_60)","decl":{"start":{"line":253,"column":32},"end":{"line":253,"column":33}},"loc":{"start":{"line":253,"column":48},"end":{"line":260,"column":7}},"line":253},"61":{"name":"(anonymous_61)","decl":{"start":{"line":254,"column":114},"end":{"line":254,"column":115}},"loc":{"start":{"line":254,"column":134},"end":{"line":259,"column":9}},"line":254},"62":{"name":"(anonymous_62)","decl":{"start":{"line":263,"column":36},"end":{"line":263,"column":37}},"loc":{"start":{"line":263,"column":48},"end":{"line":271,"column":5}},"line":263},"63":{"name":"(anonymous_63)","decl":{"start":{"line":264,"column":38},"end":{"line":264,"column":39}},"loc":{"start":{"line":264,"column":54},"end":{"line":270,"column":7}},"line":264},"64":{"name":"(anonymous_64)","decl":{"start":{"line":265,"column":109},"end":{"line":265,"column":110}},"loc":{"start":{"line":265,"column":129},"end":{"line":269,"column":9}},"line":265},"65":{"name":"(anonymous_65)","decl":{"start":{"line":273,"column":79},"end":{"line":273,"column":80}},"loc":{"start":{"line":273,"column":91},"end":{"line":286,"column":5}},"line":273},"66":{"name":"(anonymous_66)","decl":{"start":{"line":274,"column":50},"end":{"line":274,"column":51}},"loc":{"start":{"line":274,"column":66},"end":{"line":285,"column":7}},"line":274},"67":{"name":"(anonymous_67)","decl":{"start":{"line":278,"column":15},"end":{"line":278,"column":16}},"loc":{"start":{"line":278,"column":35},"end":{"line":284,"column":9}},"line":278},"68":{"name":"(anonymous_68)","decl":{"start":{"line":287,"column":88},"end":{"line":287,"column":89}},"loc":{"start":{"line":287,"column":100},"end":{"line":297,"column":5}},"line":287},"69":{"name":"(anonymous_69)","decl":{"start":{"line":288,"column":69},"end":{"line":288,"column":70}},"loc":{"start":{"line":288,"column":85},"end":{"line":296,"column":7}},"line":288},"70":{"name":"(anonymous_70)","decl":{"start":{"line":291,"column":15},"end":{"line":291,"column":16}},"loc":{"start":{"line":291,"column":35},"end":{"line":295,"column":9}},"line":291},"71":{"name":"(anonymous_71)","decl":{"start":{"line":299,"column":54},"end":{"line":299,"column":55}},"loc":{"start":{"line":299,"column":66},"end":{"line":307,"column":5}},"line":299},"72":{"name":"(anonymous_72)","decl":{"start":{"line":300,"column":48},"end":{"line":300,"column":49}},"loc":{"start":{"line":300,"column":64},"end":{"line":306,"column":7}},"line":300},"73":{"name":"(anonymous_73)","decl":{"start":{"line":301,"column":139},"end":{"line":301,"column":140}},"loc":{"start":{"line":301,"column":159},"end":{"line":305,"column":9}},"line":301},"74":{"name":"(anonymous_74)","decl":{"start":{"line":309,"column":62},"end":{"line":309,"column":63}},"loc":{"start":{"line":309,"column":74},"end":{"line":317,"column":5}},"line":309},"75":{"name":"(anonymous_75)","decl":{"start":{"line":310,"column":47},"end":{"line":310,"column":48}},"loc":{"start":{"line":310,"column":63},"end":{"line":316,"column":7}},"line":310},"76":{"name":"(anonymous_76)","decl":{"start":{"line":311,"column":129},"end":{"line":311,"column":130}},"loc":{"start":{"line":311,"column":149},"end":{"line":315,"column":9}},"line":311}},"branchMap":{"0":{"loc":{"start":{"line":13,"column":46},"end":{"line":13,"column":94}},"type":"cond-expr","locations":[{"start":{"line":13,"column":70},"end":{"line":13,"column":73}},{"start":{"line":13,"column":76},"end":{"line":13,"column":94}}],"line":13},"1":{"loc":{"start":{"line":13,"column":46},"end":{"line":13,"column":67}},"type":"binary-expr","locations":[{"start":{"line":13,"column":46},"end":{"line":13,"column":49}},{"start":{"line":13,"column":53},"end":{"line":13,"column":67}}],"line":13}},"s":{"0":1,"1":1,"2":1,"3":1,"4":1,"5":4,"6":1,"7":1,"8":1,"9":1,"10":25,"11":1,"12":1,"13":1,"14":1,"15":1,"16":1,"17":1,"18":1,"19":1,"20":1,"21":1,"22":1,"23":1,"24":1,"25":1,"26":1,"27":1,"28":1,"29":0,"30":0,"31":1,"32":1,"33":1,"34":1,"35":1,"36":1,"37":1,"38":1,"39":1,"40":1,"41":1,"42":1,"43":1,"44":1,"45":1,"46":1,"47":1,"48":1,"49":0,"50":0,"51":1,"52":1,"53":1,"54":1,"55":1,"56":1,"57":1,"58":1,"59":1,"60":1,"61":1,"62":0,"63":0,"64":1,"65":1,"66":1,"67":1,"68":1,"69":1,"70":1,"71":1,"72":1,"73":1,"74":1,"75":1,"76":1,"77":1,"78":1,"79":1,"80":1,"81":1,"82":1,"83":1,"84":1,"85":1,"86":1,"87":1,"88":1,"89":1,"90":1,"91":1,"92":1,"93":1,"94":1,"95":1,"96":1,"97":1,"98":1,"99":1,"100":1,"101":1,"102":1,"103":1,"104":1,"105":1,"106":1,"107":1,"108":1,"109":1,"110":1,"111":1,"112":1,"113":1,"114":1,"115":1,"116":1,"117":1,"118":1,"119":1,"120":1,"121":1,"122":1,"123":1,"124":1,"125":1,"126":1,"127":1,"128":1,"129":1,"130":1,"131":1,"132":1,"133":1,"134":1,"135":1,"136":1,"137":1,"138":1,"139":1,"140":1,"141":1,"142":1,"143":1,"144":1,"145":1,"146":1,"147":1,"148":1,"149":1,"150":1,"151":1,"152":1,"153":1,"154":1,"155":1,"156":1,"157":1,"158":1,"159":1,"160":1,"161":1,"162":1,"163":1,"164":1,"165":1,"166":1,"167":1,"168":1,"169":1,"170":1,"171":1,"172":1,"173":1,"174":1},"f":{"0":4,"1":1,"2":25,"3":1,"4":1,"5":1,"6":1,"7":1,"8":1,"9":1,"10":1,"11":1,"12":1,"13":1,"14":1,"15":1,"16":1,"17":1,"18":1,"19":1,"20":1,"21":1,"22":1,"23":1,"24":1,"25":1,"26":1,"27":1,"28":1,"29":1,"30":1,"31":1,"32":1,"33":1,"34":1,"35":1,"36":1,"37":1,"38":1,"39":1,"40":1,"41":1,"42":1,"43":1,"44":1,"45":1,"46":1,"47":1,"48":1,"49":1,"50":1,"51":1,"52":1,"53":1,"54":1,"55":1,"56":1,"57":1,"58":1,"59":1,"60":1,"61":1,"62":1,"63":1,"64":1,"65":1,"66":1,"67":1,"68":1,"69":1,"70":1,"71":1,"72":1,"73":1,"74":1,"75":1,"76":1},"b":{"0":[2,2],"1":[4,4]},"_coverageSchema":"43e27e138ebf9cfc5966b082cf9a028302ed4184","hash":"a3332a94adaba57f824d9a11fde76b75b42958a3","contentHash":"ae0a8147d28628ec3606addc1fd80292e810b3e829da2edf70fcb0e2ff9681b2"},"C:\\Users\\User\\Desktop\\team-work\\backend\\tests\\gif.spec.js":{"path":"C:\\Users\\User\\Desktop\\team-work\\backend\\tests\\gif.spec.js","statementMap":{},"fnMap":{},"branchMap":{},"s":{},"f":{},"b":{},"_coverageSchema":"43e27e138ebf9cfc5966b082cf9a028302ed4184","hash":"ac39a1abd5e5c4adec014a6ee7c8f785b4a753d7","contentHash":"a7bb7b648cd1212475c677e385cfea109616ccc3d8dd5993e0cc7b8ee08a7fa6"}}